<?xml version="1.0" encoding="UTF-8"?>
<coverage generated="1536878076135" clover="3.2.0">
  <project timestamp="1536878076135" name="All files">
    <metrics statements="322" coveredstatements="218" conditionals="83" coveredconditionals="69" methods="94" coveredmethods="62" elements="499" coveredelements="349" complexity="0" loc="322" ncloc="322" packages="10" files="29" classes="29">
      <package name="App">
        <metrics statements="31" coveredstatements="31" conditionals="6" coveredconditionals="6" methods="7" coveredmethods="7"/>
        <file name="constants.js" path="/home/code123/js/todos_tdd/client/src/components/App/constants.js">
          <metrics statements="14" coveredstatements="14" conditionals="0" coveredconditionals="0" methods="0" coveredmethods="0"/>
          <line num="1" count="1" type="stmt"/>
          <line num="3" count="1" type="stmt"/>
          <line num="5" count="1" type="stmt"/>
          <line num="7" count="1" type="stmt"/>
          <line num="9" count="1" type="stmt"/>
          <line num="11" count="1" type="stmt"/>
          <line num="13" count="1" type="stmt"/>
          <line num="15" count="1" type="stmt"/>
          <line num="17" count="1" type="stmt"/>
          <line num="19" count="1" type="stmt"/>
          <line num="21" count="1" type="stmt"/>
          <line num="23" count="1" type="stmt"/>
          <line num="25" count="1" type="stmt"/>
          <line num="27" count="1" type="stmt"/>
        </file>
        <file name="index.js" path="/home/code123/js/todos_tdd/client/src/components/App/index.js">
          <metrics statements="17" coveredstatements="17" conditionals="6" coveredconditionals="6" methods="7" coveredmethods="7"/>
          <line num="4" count="1" type="stmt"/>
          <line num="36" count="35" type="stmt"/>
          <line num="37" count="35" type="cond" truecount="2" falsecount="0"/>
          <line num="38" count="7" type="stmt"/>
          <line num="40" count="28" type="stmt"/>
          <line num="66" count="28" type="stmt"/>
          <line num="67" count="28" type="cond" truecount="2" falsecount="0"/>
          <line num="68" count="16" type="stmt"/>
          <line num="72" count="14" type="stmt"/>
          <line num="89" count="12" type="stmt"/>
          <line num="100" count="10" type="stmt"/>
          <line num="103" count="25" type="cond" truecount="2" falsecount="0"/>
          <line num="104" count="5" type="stmt"/>
          <line num="108" count="35" type="stmt"/>
          <line num="112" count="1" type="stmt"/>
          <line num="122" count="35" type="stmt"/>
          <line num="134" count="1" type="stmt"/>
        </file>
      </package>
      <package name="App.actions">
        <metrics statements="66" coveredstatements="57" conditionals="11" coveredconditionals="10" methods="13" coveredmethods="11"/>
        <file name="index.js" path="/home/code123/js/todos_tdd/client/src/components/App/actions/index.js">
          <metrics statements="66" coveredstatements="57" conditionals="11" coveredconditionals="10" methods="13" coveredmethods="11"/>
          <line num="17" count="1" type="stmt"/>
          <line num="18" count="2" type="stmt"/>
          <line num="19" count="2" type="stmt"/>
          <line num="21" count="2" type="stmt"/>
          <line num="22" count="2" type="stmt"/>
          <line num="24" count="0" type="stmt"/>
          <line num="25" count="0" type="stmt"/>
          <line num="30" count="2" type="cond" truecount="2" falsecount="0"/>
          <line num="32" count="1" type="stmt"/>
          <line num="36" count="1" type="stmt"/>
          <line num="38" count="1" type="stmt"/>
          <line num="42" count="1" type="stmt"/>
          <line num="47" count="1" type="stmt"/>
          <line num="48" count="4" type="stmt"/>
          <line num="49" count="4" type="stmt"/>
          <line num="50" count="4" type="cond" truecount="2" falsecount="0"/>
          <line num="51" count="1" type="stmt"/>
          <line num="52" count="1" type="stmt"/>
          <line num="53" count="1" type="stmt"/>
          <line num="54" count="1" type="stmt"/>
          <line num="58" count="1" type="stmt"/>
          <line num="63" count="0" type="stmt"/>
          <line num="69" count="3" type="stmt"/>
          <line num="77" count="1" type="stmt"/>
          <line num="78" count="3" type="stmt"/>
          <line num="79" count="3" type="stmt"/>
          <line num="81" count="3" type="stmt"/>
          <line num="82" count="3" type="stmt"/>
          <line num="83" count="3" type="cond" truecount="2" falsecount="0"/>
          <line num="84" count="1" type="stmt"/>
          <line num="89" count="2" type="stmt"/>
          <line num="95" count="3" type="stmt"/>
          <line num="96" count="3" type="stmt"/>
          <line num="97" count="3" type="stmt"/>
          <line num="99" count="0" type="stmt"/>
          <line num="100" count="0" type="stmt"/>
          <line num="105" count="3" type="stmt"/>
          <line num="111" count="3" type="cond" truecount="3" falsecount="0"/>
          <line num="113" count="1" type="stmt"/>
          <line num="114" count="1" type="stmt"/>
          <line num="115" count="1" type="stmt"/>
          <line num="120" count="0" type="stmt"/>
          <line num="123" count="1" type="stmt"/>
          <line num="126" count="1" type="stmt"/>
          <line num="130" count="1" type="stmt"/>
          <line num="134" count="1" type="stmt"/>
          <line num="140" count="1" type="stmt"/>
          <line num="142" count="1" type="stmt"/>
          <line num="146" count="1" type="stmt"/>
          <line num="151" count="1" type="stmt"/>
          <line num="152" count="3" type="stmt"/>
          <line num="153" count="3" type="stmt"/>
          <line num="154" count="3" type="cond" truecount="1" falsecount="1"/>
          <line num="155" count="0" type="stmt"/>
          <line num="160" count="3" type="stmt"/>
          <line num="168" count="1" type="stmt"/>
          <line num="169" count="15" type="stmt"/>
          <line num="171" count="15" type="stmt"/>
          <line num="172" count="15" type="stmt"/>
          <line num="173" count="5" type="stmt"/>
          <line num="177" count="5" type="stmt"/>
          <line num="186" count="13" type="stmt"/>
          <line num="188" count="15" type="stmt"/>
          <line num="196" count="1" type="stmt"/>
          <line num="197" count="0" type="stmt"/>
          <line num="198" count="0" type="stmt"/>
        </file>
      </package>
      <package name="App.reducers">
        <metrics statements="57" coveredstatements="56" conditionals="33" coveredconditionals="30" methods="12" coveredmethods="12"/>
        <file name="index.js" path="/home/code123/js/todos_tdd/client/src/components/App/reducers/index.js">
          <metrics statements="57" coveredstatements="56" conditionals="33" coveredconditionals="30" methods="12" coveredmethods="12"/>
          <line num="17" count="3" type="stmt"/>
          <line num="19" count="1" type="cond" truecount="1" falsecount="0"/>
          <line num="20" count="52" type="stmt"/>
          <line num="21" count="52" type="cond" truecount="5" falsecount="0"/>
          <line num="23" count="1" type="stmt"/>
          <line num="25" count="1" type="stmt"/>
          <line num="26" count="1" type="stmt"/>
          <line num="32" count="1" type="stmt"/>
          <line num="34" count="1" type="stmt"/>
          <line num="35" count="1" type="stmt"/>
          <line num="36" count="1" type="stmt"/>
          <line num="40" count="1" type="stmt"/>
          <line num="42" count="2" type="stmt"/>
          <line num="43" count="2" type="stmt"/>
          <line num="45" count="47" type="stmt"/>
          <line num="49" count="1" type="cond" truecount="1" falsecount="0"/>
          <line num="50" count="52" type="stmt"/>
          <line num="51" count="52" type="cond" truecount="2" falsecount="0"/>
          <line num="53" count="5" type="stmt"/>
          <line num="54" count="5" type="stmt"/>
          <line num="56" count="47" type="stmt"/>
          <line num="60" count="1" type="cond" truecount="1" falsecount="0"/>
          <line num="61" count="52" type="cond" truecount="2" falsecount="0"/>
          <line num="63" count="7" type="stmt"/>
          <line num="65" count="45" type="stmt"/>
          <line num="82" count="1" type="cond" truecount="0" falsecount="1"/>
          <line num="83" count="3" type="cond" truecount="2" falsecount="0"/>
          <line num="85" count="1" type="stmt"/>
          <line num="87" count="2" type="stmt"/>
          <line num="91" count="1" type="cond" truecount="0" falsecount="1"/>
          <line num="92" count="3" type="cond" truecount="2" falsecount="0"/>
          <line num="94" count="1" type="stmt"/>
          <line num="96" count="2" type="stmt"/>
          <line num="99" count="1" type="cond" truecount="1" falsecount="0"/>
          <line num="100" count="52" type="stmt"/>
          <line num="101" count="52" type="cond" truecount="2" falsecount="0"/>
          <line num="103" count="3" type="stmt"/>
          <line num="108" count="49" type="stmt"/>
          <line num="112" count="1" type="cond" truecount="1" falsecount="0"/>
          <line num="113" count="52" type="cond" truecount="2" falsecount="0"/>
          <line num="115" count="4" type="stmt"/>
          <line num="120" count="48" type="stmt"/>
          <line num="124" count="1" type="cond" truecount="1" falsecount="0"/>
          <line num="125" count="52" type="stmt"/>
          <line num="126" count="52" type="cond" truecount="2" falsecount="0"/>
          <line num="128" count="1" type="stmt"/>
          <line num="130" count="51" type="stmt"/>
          <line num="134" count="1" type="cond" truecount="1" falsecount="0"/>
          <line num="135" count="52" type="stmt"/>
          <line num="136" count="52" type="cond" truecount="1" falsecount="1"/>
          <line num="138" count="0" type="stmt"/>
          <line num="140" count="52" type="stmt"/>
          <line num="144" count="1" type="cond" truecount="1" falsecount="0"/>
          <line num="145" count="52" type="stmt"/>
          <line num="146" count="52" type="cond" truecount="2" falsecount="0"/>
          <line num="148" count="15" type="stmt"/>
          <line num="150" count="37" type="stmt"/>
        </file>
      </package>
      <package name="App.tests">
        <metrics statements="84" coveredstatements="6" conditionals="7" coveredconditionals="0" methods="23" coveredmethods="0"/>
        <file name="app.int2.zest.js" path="/home/code123/js/todos_tdd/client/src/components/App/tests/app.int2.zest.js">
          <metrics statements="47" coveredstatements="0" conditionals="0" coveredconditionals="0" methods="15" coveredmethods="0"/>
          <line num="1" count="0" type="stmt"/>
          <line num="2" count="0" type="stmt"/>
          <line num="3" count="0" type="stmt"/>
          <line num="4" count="0" type="stmt"/>
          <line num="5" count="0" type="stmt"/>
          <line num="6" count="0" type="stmt"/>
          <line num="7" count="0" type="stmt"/>
          <line num="15" count="0" type="stmt"/>
          <line num="22" count="0" type="stmt"/>
          <line num="23" count="0" type="stmt"/>
          <line num="24" count="0" type="stmt"/>
          <line num="26" count="0" type="stmt"/>
          <line num="29" count="0" type="stmt"/>
          <line num="33" count="0" type="stmt"/>
          <line num="34" count="0" type="stmt"/>
          <line num="35" count="0" type="stmt"/>
          <line num="36" count="0" type="stmt"/>
          <line num="39" count="0" type="stmt"/>
          <line num="43" count="0" type="stmt"/>
          <line num="44" count="0" type="stmt"/>
          <line num="45" count="0" type="stmt"/>
          <line num="46" count="0" type="stmt"/>
          <line num="49" count="0" type="stmt"/>
          <line num="52" count="0" type="stmt"/>
          <line num="56" count="0" type="stmt"/>
          <line num="57" count="0" type="stmt"/>
          <line num="58" count="0" type="stmt"/>
          <line num="61" count="0" type="stmt"/>
          <line num="65" count="0" type="stmt"/>
          <line num="68" count="0" type="stmt"/>
          <line num="72" count="0" type="stmt"/>
          <line num="73" count="0" type="stmt"/>
          <line num="75" count="0" type="stmt"/>
          <line num="76" count="0" type="stmt"/>
          <line num="80" count="0" type="stmt"/>
          <line num="81" count="0" type="stmt"/>
          <line num="84" count="0" type="stmt"/>
          <line num="88" count="0" type="stmt"/>
          <line num="89" count="0" type="stmt"/>
          <line num="90" count="0" type="stmt"/>
          <line num="91" count="0" type="stmt"/>
          <line num="94" count="0" type="stmt"/>
          <line num="98" count="0" type="stmt"/>
          <line num="99" count="0" type="stmt"/>
          <line num="100" count="0" type="stmt"/>
          <line num="102" count="0" type="stmt"/>
          <line num="105" count="0" type="stmt"/>
        </file>
        <file name="handleFormSubmitErrorMock.js" path="/home/code123/js/todos_tdd/client/src/components/App/tests/handleFormSubmitErrorMock.js">
          <metrics statements="2" coveredstatements="0" conditionals="0" coveredconditionals="0" methods="1" coveredmethods="0"/>
          <line num="1" count="0" type="stmt"/>
          <line num="3" count="0" type="stmt"/>
        </file>
        <file name="handleFormSubmitMock.js" path="/home/code123/js/todos_tdd/client/src/components/App/tests/handleFormSubmitMock.js">
          <metrics statements="9" coveredstatements="0" conditionals="3" coveredconditionals="0" methods="1" coveredmethods="0"/>
          <line num="1" count="0" type="stmt"/>
          <line num="3" count="0" type="stmt"/>
          <line num="5" count="0" type="stmt"/>
          <line num="6" count="0" type="stmt"/>
          <line num="8" count="0" type="stmt"/>
          <line num="9" count="0" type="stmt"/>
          <line num="11" count="0" type="stmt"/>
          <line num="21" count="0" type="stmt"/>
          <line num="23" count="0" type="stmt"/>
        </file>
        <file name="handleSidebarClickMock.js" path="/home/code123/js/todos_tdd/client/src/components/App/tests/handleSidebarClickMock.js">
          <metrics statements="4" coveredstatements="0" conditionals="2" coveredconditionals="0" methods="1" coveredmethods="0"/>
          <line num="1" count="0" type="stmt"/>
          <line num="2" count="0" type="cond" truecount="0" falsecount="2"/>
          <line num="5" count="0" type="stmt"/>
          <line num="7" count="0" type="stmt"/>
        </file>
        <file name="handleTodosButtonClickMock.js" path="/home/code123/js/todos_tdd/client/src/components/App/tests/handleTodosButtonClickMock.js">
          <metrics statements="16" coveredstatements="0" conditionals="2" coveredconditionals="0" methods="5" coveredmethods="0"/>
          <line num="1" count="0" type="stmt"/>
          <line num="2" count="0" type="stmt"/>
          <line num="6" count="0" type="stmt"/>
          <line num="7" count="0" type="stmt"/>
          <line num="8" count="0" type="stmt"/>
          <line num="12" count="0" type="stmt"/>
          <line num="13" count="0" type="stmt"/>
          <line num="17" count="0" type="stmt"/>
          <line num="19" count="0" type="stmt"/>
          <line num="20" count="0" type="stmt"/>
          <line num="23" count="0" type="stmt"/>
          <line num="27" count="0" type="stmt"/>
          <line num="29" count="0" type="stmt"/>
          <line num="30" count="0" type="stmt"/>
          <line num="32" count="0" type="stmt"/>
          <line num="33" count="0" type="stmt"/>
        </file>
        <file name="mocks.js" path="/home/code123/js/todos_tdd/client/src/components/App/tests/mocks.js">
          <metrics statements="6" coveredstatements="6" conditionals="0" coveredconditionals="0" methods="0" coveredmethods="0"/>
          <line num="1" count="1" type="stmt"/>
          <line num="19" count="1" type="stmt"/>
          <line num="24" count="1" type="stmt"/>
          <line num="29" count="1" type="stmt"/>
          <line num="44" count="1" type="stmt"/>
          <line num="50" count="1" type="stmt"/>
        </file>
      </package>
      <package name="buttons">
        <metrics statements="4" coveredstatements="4" conditionals="0" coveredconditionals="0" methods="3" coveredmethods="3"/>
        <file name="SidebarLink.js" path="/home/code123/js/todos_tdd/client/src/components/buttons/SidebarLink.js">
          <metrics statements="4" coveredstatements="4" conditionals="0" coveredconditionals="0" methods="3" coveredmethods="3"/>
          <line num="3" count="40" type="stmt"/>
          <line num="5" count="1" type="stmt"/>
          <line num="6" count="40" type="stmt"/>
          <line num="11" count="4" type="stmt"/>
        </file>
      </package>
      <package name="layout">
        <metrics statements="16" coveredstatements="16" conditionals="6" coveredconditionals="6" methods="7" coveredmethods="7"/>
        <file name="Advertisement.js" path="/home/code123/js/todos_tdd/client/src/components/layout/Advertisement.js">
          <metrics statements="2" coveredstatements="2" conditionals="0" coveredconditionals="0" methods="1" coveredmethods="1"/>
          <line num="3" count="1" type="stmt"/>
          <line num="4" count="28" type="stmt"/>
        </file>
        <file name="Content.js" path="/home/code123/js/todos_tdd/client/src/components/layout/Content.js">
          <metrics statements="2" coveredstatements="2" conditionals="0" coveredconditionals="0" methods="1" coveredmethods="1"/>
          <line num="3" count="1" type="stmt"/>
          <line num="4" count="28" type="stmt"/>
        </file>
        <file name="Footer.js" path="/home/code123/js/todos_tdd/client/src/components/layout/Footer.js">
          <metrics statements="2" coveredstatements="2" conditionals="0" coveredconditionals="0" methods="1" coveredmethods="1"/>
          <line num="3" count="1" type="stmt"/>
          <line num="4" count="28" type="stmt"/>
        </file>
        <file name="Header.js" path="/home/code123/js/todos_tdd/client/src/components/layout/Header.js">
          <metrics statements="2" coveredstatements="2" conditionals="4" coveredconditionals="4" methods="1" coveredmethods="1"/>
          <line num="3" count="1" type="stmt"/>
          <line num="4" count="28" type="stmt"/>
        </file>
        <file name="Loading.js" path="/home/code123/js/todos_tdd/client/src/components/layout/Loading.js">
          <metrics statements="2" coveredstatements="2" conditionals="0" coveredconditionals="0" methods="1" coveredmethods="1"/>
          <line num="3" count="1" type="stmt"/>
          <line num="4" count="7" type="stmt"/>
        </file>
        <file name="Sidebar.js" path="/home/code123/js/todos_tdd/client/src/components/layout/Sidebar.js">
          <metrics statements="6" coveredstatements="6" conditionals="2" coveredconditionals="2" methods="2" coveredmethods="2"/>
          <line num="4" count="1" type="stmt"/>
          <line num="5" count="28" type="stmt"/>
          <line num="6" count="28" type="cond" truecount="2" falsecount="0"/>
          <line num="7" count="16" type="stmt"/>
          <line num="9" count="12" type="stmt"/>
          <line num="15" count="28" type="stmt"/>
        </file>
        <file name="index.js" path="/home/code123/js/todos_tdd/client/src/components/layout/index.js">
          <metrics statements="0" coveredstatements="0" conditionals="0" coveredconditionals="0" methods="0" coveredmethods="0"/>
        </file>
      </package>
      <package name="modals">
        <metrics statements="13" coveredstatements="9" conditionals="6" coveredconditionals="3" methods="6" coveredmethods="4"/>
        <file name="ErrorModal.js" path="/home/code123/js/todos_tdd/client/src/components/modals/ErrorModal.js">
          <metrics statements="13" coveredstatements="9" conditionals="6" coveredconditionals="3" methods="6" coveredmethods="4"/>
          <line num="22" count="1" type="stmt"/>
          <line num="26" count="18" type="cond" truecount="1" falsecount="1"/>
          <line num="27" count="0" type="stmt"/>
          <line num="29" count="18" type="stmt"/>
          <line num="32" count="0" type="stmt"/>
          <line num="33" count="0" type="stmt"/>
          <line num="40" count="10" type="stmt"/>
          <line num="41" count="10" type="stmt"/>
          <line num="45" count="8" type="stmt"/>
          <line num="46" count="8" type="cond" truecount="2" falsecount="0"/>
          <line num="50" count="10" type="stmt"/>
          <line num="54" count="1" type="stmt"/>
          <line num="55" count="0" type="stmt"/>
        </file>
        <file name="index.js" path="/home/code123/js/todos_tdd/client/src/components/modals/index.js">
          <metrics statements="0" coveredstatements="0" conditionals="0" coveredconditionals="0" methods="0" coveredmethods="0"/>
        </file>
      </package>
      <package name="modals.tests">
        <metrics statements="12" coveredstatements="0" conditionals="0" coveredconditionals="0" methods="5" coveredmethods="0"/>
        <file name="errorModal.int.zest.js" path="/home/code123/js/todos_tdd/client/src/components/modals/tests/errorModal.int.zest.js">
          <metrics statements="12" coveredstatements="0" conditionals="0" coveredconditionals="0" methods="5" coveredmethods="0"/>
          <line num="1" count="0" type="stmt"/>
          <line num="2" count="0" type="stmt"/>
          <line num="3" count="0" type="stmt"/>
          <line num="5" count="0" type="stmt"/>
          <line num="6" count="0" type="stmt"/>
          <line num="7" count="0" type="stmt"/>
          <line num="11" count="0" type="stmt"/>
          <line num="12" count="0" type="stmt"/>
          <line num="18" count="0" type="stmt"/>
          <line num="19" count="0" type="stmt"/>
          <line num="21" count="0" type="stmt"/>
          <line num="22" count="0" type="stmt"/>
        </file>
      </package>
      <package name="todos">
        <metrics statements="20" coveredstatements="20" conditionals="8" coveredconditionals="8" methods="10" coveredmethods="10"/>
        <file name="TodoButton.js" path="/home/code123/js/todos_tdd/client/src/components/todos/TodoButton.js">
          <metrics statements="9" coveredstatements="9" conditionals="4" coveredconditionals="4" methods="4" coveredmethods="4"/>
          <line num="4" count="1" type="stmt"/>
          <line num="5" count="28" type="stmt"/>
          <line num="6" count="28" type="stmt"/>
          <line num="7" count="28" type="cond" truecount="2" falsecount="0"/>
          <line num="9" count="14" type="stmt"/>
          <line num="13" count="1" type="stmt"/>
          <line num="19" count="14" type="stmt"/>
          <line num="23" count="1" type="stmt"/>
          <line num="30" count="28" type="stmt"/>
        </file>
        <file name="TodoUnit.js" path="/home/code123/js/todos_tdd/client/src/components/todos/TodoUnit.js">
          <metrics statements="3" coveredstatements="3" conditionals="2" coveredconditionals="2" methods="2" coveredmethods="2"/>
          <line num="4" count="1" type="stmt"/>
          <line num="5" count="14" type="stmt"/>
          <line num="9" count="14" type="stmt"/>
        </file>
        <file name="TodosForm.js" path="/home/code123/js/todos_tdd/client/src/components/todos/TodosForm.js">
          <metrics statements="4" coveredstatements="4" conditionals="0" coveredconditionals="0" methods="3" coveredmethods="3"/>
          <line num="6" count="16" type="stmt"/>
          <line num="7" count="16" type="stmt"/>
          <line num="12" count="1" type="stmt"/>
          <line num="24" count="1" type="stmt"/>
        </file>
        <file name="TodosList.js" path="/home/code123/js/todos_tdd/client/src/components/todos/TodosList.js">
          <metrics statements="4" coveredstatements="4" conditionals="2" coveredconditionals="2" methods="1" coveredmethods="1"/>
          <line num="3" count="1" type="stmt"/>
          <line num="4" count="16" type="cond" truecount="2" falsecount="0"/>
          <line num="5" count="8" type="stmt"/>
          <line num="16" count="8" type="stmt"/>
        </file>
        <file name="index.js" path="/home/code123/js/todos_tdd/client/src/components/todos/index.js">
          <metrics statements="0" coveredstatements="0" conditionals="0" coveredconditionals="0" methods="0" coveredmethods="0"/>
        </file>
      </package>
      <package name="user">
        <metrics statements="19" coveredstatements="19" conditionals="6" coveredconditionals="6" methods="8" coveredmethods="8"/>
        <file name="UserForm.js" path="/home/code123/js/todos_tdd/client/src/components/user/UserForm.js">
          <metrics statements="13" coveredstatements="13" conditionals="4" coveredconditionals="4" methods="6" coveredmethods="6"/>
          <line num="4" count="1" type="stmt"/>
          <line num="5" count="9" type="cond" truecount="2" falsecount="0"/>
          <line num="7" count="4" type="stmt"/>
          <line num="9" count="5" type="stmt"/>
          <line num="12" count="1" type="stmt"/>
          <line num="13" count="9" type="cond" truecount="2" falsecount="0"/>
          <line num="15" count="4" type="stmt"/>
          <line num="17" count="5" type="stmt"/>
          <line num="20" count="1" type="stmt"/>
          <line num="26" count="9" type="stmt"/>
          <line num="31" count="2" type="stmt"/>
          <line num="44" count="1" type="stmt"/>
          <line num="59" count="1" type="stmt"/>
        </file>
        <file name="UserFormWrapper.js" path="/home/code123/js/todos_tdd/client/src/components/user/UserFormWrapper.js">
          <metrics statements="6" coveredstatements="6" conditionals="2" coveredconditionals="2" methods="2" coveredmethods="2"/>
          <line num="4" count="1" type="stmt"/>
          <line num="10" count="12" type="stmt"/>
          <line num="11" count="9" type="stmt"/>
          <line num="22" count="12" type="cond" truecount="2" falsecount="0"/>
          <line num="23" count="9" type="stmt"/>
          <line num="25" count="3" type="stmt"/>
        </file>
        <file name="index.js" path="/home/code123/js/todos_tdd/client/src/components/user/index.js">
          <metrics statements="0" coveredstatements="0" conditionals="0" coveredconditionals="0" methods="0" coveredmethods="0"/>
        </file>
      </package>
    </metrics>
  </project>
</coverage>
