{"/home/code123/js/todos_tdd/client/src/components/App/constants.js": {"path":"/home/code123/js/todos_tdd/client/src/components/App/constants.js","statementMap":{"0":{"start":{"line":1,"column":29},"end":{"line":1,"column":43}},"1":{"start":{"line":3,"column":21},"end":{"line":3,"column":28}},"2":{"start":{"line":5,"column":27},"end":{"line":5,"column":39}},"3":{"start":{"line":7,"column":20},"end":{"line":7,"column":26}},"4":{"start":{"line":9,"column":33},"end":{"line":9,"column":50}},"5":{"start":{"line":11,"column":24},"end":{"line":11,"column":33}},"6":{"start":{"line":13,"column":25},"end":{"line":13,"column":35}},"7":{"start":{"line":15,"column":24},"end":{"line":15,"column":34}},"8":{"start":{"line":17,"column":26},"end":{"line":17,"column":37}},"9":{"start":{"line":19,"column":21},"end":{"line":19,"column":27}},"10":{"start":{"line":21,"column":24},"end":{"line":21,"column":34}},"11":{"start":{"line":23,"column":23},"end":{"line":23,"column":32}},"12":{"start":{"line":25,"column":25},"end":{"line":25,"column":35}},"13":{"start":{"line":27,"column":20},"end":{"line":27,"column":26}}},"fnMap":{},"branchMap":{},"s":{"0":1,"1":1,"2":1,"3":1,"4":1,"5":1,"6":1,"7":1,"8":1,"9":1,"10":1,"11":1,"12":1,"13":1},"f":{},"b":{},"_coverageSchema":"332fd63041d2c1bcb487cc26dd0d5f7d97098a6c","hash":"004ab6e0d750e31714a3f2d6fb573dd8f8c4ac66"}
,"/home/code123/js/todos_tdd/client/src/components/App/index.js": {"path":"/home/code123/js/todos_tdd/client/src/components/App/index.js","statementMap":{"0":{"start":{"line":4,"column":0},"end":{"line":4,"column":38}},"1":{"start":{"line":36,"column":8},"end":{"line":36,"column":18}},"2":{"start":{"line":37,"column":4},"end":{"line":39,"column":5}},"3":{"start":{"line":38,"column":6},"end":{"line":38,"column":25}},"4":{"start":{"line":40,"column":4},"end":{"line":53,"column":6}},"5":{"start":{"line":66,"column":8},"end":{"line":66,"column":18}},"6":{"start":{"line":67,"column":4},"end":{"line":88,"column":5}},"7":{"start":{"line":68,"column":6},"end":{"line":87,"column":8}},"8":{"start":{"line":72,"column":14},"end":{"line":78,"column":16}},"9":{"start":{"line":89,"column":4},"end":{"line":96,"column":6}},"10":{"start":{"line":100,"column":4},"end":{"line":100,"column":26}},"11":{"start":{"line":103,"column":4},"end":{"line":105,"column":5}},"12":{"start":{"line":104,"column":6},"end":{"line":104,"column":28}},"13":{"start":{"line":108,"column":4},"end":{"line":108,"column":31}},"14":{"start":{"line":112,"column":24},"end":{"line":132,"column":1}},"15":{"start":{"line":122,"column":2},"end":{"line":131,"column":4}},"16":{"start":{"line":134,"column":27},"end":{"line":141,"column":1}}},"fnMap":{"0":{"name":"(anonymous_0)","decl":{"start":{"line":28,"column":2},"end":{"line":28,"column":3}},"loc":{"start":{"line":28,"column":17},"end":{"line":54,"column":3}},"line":28},"1":{"name":"(anonymous_1)","decl":{"start":{"line":56,"column":2},"end":{"line":56,"column":3}},"loc":{"start":{"line":56,"column":18},"end":{"line":97,"column":3}},"line":56},"2":{"name":"(anonymous_2)","decl":{"start":{"line":71,"column":23},"end":{"line":71,"column":24}},"loc":{"start":{"line":72,"column":14},"end":{"line":78,"column":16}},"line":72},"3":{"name":"(anonymous_3)","decl":{"start":{"line":99,"column":2},"end":{"line":99,"column":3}},"loc":{"start":{"line":99,"column":22},"end":{"line":101,"column":3}},"line":99},"4":{"name":"(anonymous_4)","decl":{"start":{"line":102,"column":2},"end":{"line":102,"column":3}},"loc":{"start":{"line":102,"column":32},"end":{"line":106,"column":3}},"line":102},"5":{"name":"(anonymous_5)","decl":{"start":{"line":107,"column":2},"end":{"line":107,"column":3}},"loc":{"start":{"line":107,"column":11},"end":{"line":109,"column":3}},"line":107},"6":{"name":"(anonymous_6)","decl":{"start":{"line":112,"column":24},"end":{"line":112,"column":25}},"loc":{"start":{"line":121,"column":6},"end":{"line":132,"column":1}},"line":121}},"branchMap":{"0":{"loc":{"start":{"line":37,"column":4},"end":{"line":39,"column":5}},"type":"if","locations":[{"start":{"line":37,"column":4},"end":{"line":39,"column":5}},{"start":{"line":37,"column":4},"end":{"line":39,"column":5}}],"line":37},"1":{"loc":{"start":{"line":67,"column":4},"end":{"line":88,"column":5}},"type":"if","locations":[{"start":{"line":67,"column":4},"end":{"line":88,"column":5}},{"start":{"line":67,"column":4},"end":{"line":88,"column":5}}],"line":67},"2":{"loc":{"start":{"line":103,"column":4},"end":{"line":105,"column":5}},"type":"if","locations":[{"start":{"line":103,"column":4},"end":{"line":105,"column":5}},{"start":{"line":103,"column":4},"end":{"line":105,"column":5}}],"line":103}},"s":{"0":1,"1":35,"2":35,"3":7,"4":28,"5":28,"6":28,"7":16,"8":14,"9":12,"10":10,"11":25,"12":5,"13":35,"14":1,"15":35,"16":1},"f":{"0":35,"1":28,"2":14,"3":10,"4":25,"5":35,"6":35},"b":{"0":[7,28],"1":[16,12],"2":[5,20]},"_coverageSchema":"332fd63041d2c1bcb487cc26dd0d5f7d97098a6c","hash":"5c8cb3696a45dd3323141d11cc5b93df951829a0"}
,"/home/code123/js/todos_tdd/client/src/components/App/actions/index.js": {"path":"/home/code123/js/todos_tdd/client/src/components/App/actions/index.js","statementMap":{"0":{"start":{"line":17,"column":38},"end":{"line":45,"column":1}},"1":{"start":{"line":18,"column":2},"end":{"line":18,"column":62}},"2":{"start":{"line":19,"column":2},"end":{"line":44,"column":4}},"3":{"start":{"line":21,"column":4},"end":{"line":29,"column":5}},"4":{"start":{"line":22,"column":6},"end":{"line":22,"column":75}},"5":{"start":{"line":24,"column":6},"end":{"line":24,"column":28}},"6":{"start":{"line":25,"column":6},"end":{"line":28,"column":9}},"7":{"start":{"line":30,"column":4},"end":{"line":43,"column":5}},"8":{"start":{"line":32,"column":8},"end":{"line":35,"column":11}},"9":{"start":{"line":36,"column":8},"end":{"line":36,"column":14}},"10":{"start":{"line":38,"column":8},"end":{"line":41,"column":11}},"11":{"start":{"line":42,"column":8},"end":{"line":42,"column":14}},"12":{"start":{"line":47,"column":34},"end":{"line":75,"column":1}},"13":{"start":{"line":48,"column":2},"end":{"line":48,"column":21}},"14":{"start":{"line":49,"column":2},"end":{"line":74,"column":4}},"15":{"start":{"line":50,"column":4},"end":{"line":73,"column":5}},"16":{"start":{"line":51,"column":6},"end":{"line":67,"column":7}},"17":{"start":{"line":52,"column":8},"end":{"line":52,"column":61}},"18":{"start":{"line":53,"column":8},"end":{"line":53,"column":44}},"19":{"start":{"line":54,"column":8},"end":{"line":57,"column":11}},"20":{"start":{"line":58,"column":8},"end":{"line":61,"column":11}},"21":{"start":{"line":63,"column":8},"end":{"line":66,"column":11}},"22":{"start":{"line":69,"column":6},"end":{"line":72,"column":9}},"23":{"start":{"line":77,"column":32},"end":{"line":149,"column":1}},"24":{"start":{"line":78,"column":2},"end":{"line":78,"column":28}},"25":{"start":{"line":79,"column":2},"end":{"line":79,"column":21}},"26":{"start":{"line":81,"column":2},"end":{"line":148,"column":4}},"27":{"start":{"line":82,"column":17},"end":{"line":94,"column":5}},"28":{"start":{"line":83,"column":6},"end":{"line":93,"column":7}},"29":{"start":{"line":84,"column":8},"end":{"line":87,"column":10}},"30":{"start":{"line":89,"column":8},"end":{"line":92,"column":10}},"31":{"start":{"line":95,"column":4},"end":{"line":110,"column":5}},"32":{"start":{"line":96,"column":6},"end":{"line":96,"column":71}},"33":{"start":{"line":97,"column":6},"end":{"line":97,"column":51}},"34":{"start":{"line":99,"column":6},"end":{"line":99,"column":28}},"35":{"start":{"line":100,"column":6},"end":{"line":103,"column":9}},"36":{"start":{"line":105,"column":6},"end":{"line":109,"column":9}},"37":{"start":{"line":111,"column":4},"end":{"line":147,"column":5}},"38":{"start":{"line":113,"column":8},"end":{"line":113,"column":54}},"39":{"start":{"line":114,"column":8},"end":{"line":121,"column":9}},"40":{"start":{"line":115,"column":10},"end":{"line":118,"column":13}},"41":{"start":{"line":120,"column":10},"end":{"line":120,"column":48}},"42":{"start":{"line":123,"column":8},"end":{"line":123,"column":14}},"43":{"start":{"line":126,"column":8},"end":{"line":129,"column":11}},"44":{"start":{"line":130,"column":8},"end":{"line":133,"column":11}},"45":{"start":{"line":134,"column":8},"end":{"line":138,"column":11}},"46":{"start":{"line":140,"column":8},"end":{"line":140,"column":14}},"47":{"start":{"line":142,"column":8},"end":{"line":145,"column":11}},"48":{"start":{"line":146,"column":8},"end":{"line":146,"column":14}},"49":{"start":{"line":151,"column":33},"end":{"line":166,"column":1}},"50":{"start":{"line":152,"column":2},"end":{"line":152,"column":70}},"51":{"start":{"line":153,"column":2},"end":{"line":165,"column":4}},"52":{"start":{"line":154,"column":4},"end":{"line":159,"column":5}},"53":{"start":{"line":155,"column":6},"end":{"line":158,"column":9}},"54":{"start":{"line":160,"column":4},"end":{"line":164,"column":7}},"55":{"start":{"line":168,"column":24},"end":{"line":194,"column":1}},"56":{"start":{"line":169,"column":2},"end":{"line":193,"column":4}},"57":{"start":{"line":171,"column":4},"end":{"line":192,"column":5}},"58":{"start":{"line":172,"column":6},"end":{"line":172,"column":63}},"59":{"start":{"line":173,"column":6},"end":{"line":176,"column":9}},"60":{"start":{"line":177,"column":6},"end":{"line":180,"column":9}},"61":{"start":{"line":186,"column":6},"end":{"line":186,"column":38}},"62":{"start":{"line":188,"column":6},"end":{"line":191,"column":9}},"63":{"start":{"line":196,"column":32},"end":{"line":203,"column":1}},"64":{"start":{"line":197,"column":2},"end":{"line":202,"column":4}},"65":{"start":{"line":198,"column":4},"end":{"line":201,"column":7}}},"fnMap":{"0":{"name":"(anonymous_0)","decl":{"start":{"line":17,"column":38},"end":{"line":17,"column":39}},"loc":{"start":{"line":17,"column":51},"end":{"line":45,"column":1}},"line":17},"1":{"name":"(anonymous_1)","decl":{"start":{"line":19,"column":9},"end":{"line":19,"column":10}},"loc":{"start":{"line":19,"column":27},"end":{"line":44,"column":3}},"line":19},"2":{"name":"(anonymous_2)","decl":{"start":{"line":47,"column":34},"end":{"line":47,"column":35}},"loc":{"start":{"line":47,"column":47},"end":{"line":75,"column":1}},"line":47},"3":{"name":"(anonymous_3)","decl":{"start":{"line":49,"column":9},"end":{"line":49,"column":10}},"loc":{"start":{"line":49,"column":27},"end":{"line":74,"column":3}},"line":49},"4":{"name":"(anonymous_4)","decl":{"start":{"line":77,"column":32},"end":{"line":77,"column":33}},"loc":{"start":{"line":77,"column":44},"end":{"line":149,"column":1}},"line":77},"5":{"name":"(anonymous_5)","decl":{"start":{"line":81,"column":9},"end":{"line":81,"column":10}},"loc":{"start":{"line":81,"column":39},"end":{"line":148,"column":3}},"line":81},"6":{"name":"(anonymous_6)","decl":{"start":{"line":82,"column":17},"end":{"line":82,"column":18}},"loc":{"start":{"line":82,"column":24},"end":{"line":94,"column":5}},"line":82},"7":{"name":"(anonymous_7)","decl":{"start":{"line":151,"column":33},"end":{"line":151,"column":34}},"loc":{"start":{"line":151,"column":52},"end":{"line":166,"column":1}},"line":151},"8":{"name":"(anonymous_8)","decl":{"start":{"line":153,"column":9},"end":{"line":153,"column":10}},"loc":{"start":{"line":153,"column":21},"end":{"line":165,"column":3}},"line":153},"9":{"name":"(anonymous_9)","decl":{"start":{"line":168,"column":24},"end":{"line":168,"column":25}},"loc":{"start":{"line":168,"column":30},"end":{"line":194,"column":1}},"line":168},"10":{"name":"(anonymous_10)","decl":{"start":{"line":169,"column":9},"end":{"line":169,"column":10}},"loc":{"start":{"line":169,"column":27},"end":{"line":193,"column":3}},"line":169},"11":{"name":"(anonymous_11)","decl":{"start":{"line":196,"column":32},"end":{"line":196,"column":33}},"loc":{"start":{"line":196,"column":38},"end":{"line":203,"column":1}},"line":196},"12":{"name":"(anonymous_12)","decl":{"start":{"line":197,"column":9},"end":{"line":197,"column":10}},"loc":{"start":{"line":197,"column":21},"end":{"line":202,"column":3}},"line":197}},"branchMap":{"0":{"loc":{"start":{"line":30,"column":4},"end":{"line":43,"column":5}},"type":"switch","locations":[{"start":{"line":31,"column":6},"end":{"line":36,"column":14}},{"start":{"line":37,"column":6},"end":{"line":42,"column":14}}],"line":30},"1":{"loc":{"start":{"line":50,"column":4},"end":{"line":73,"column":5}},"type":"if","locations":[{"start":{"line":50,"column":4},"end":{"line":73,"column":5}},{"start":{"line":50,"column":4},"end":{"line":73,"column":5}}],"line":50},"2":{"loc":{"start":{"line":83,"column":6},"end":{"line":93,"column":7}},"type":"if","locations":[{"start":{"line":83,"column":6},"end":{"line":93,"column":7}},{"start":{"line":83,"column":6},"end":{"line":93,"column":7}}],"line":83},"3":{"loc":{"start":{"line":111,"column":4},"end":{"line":147,"column":5}},"type":"switch","locations":[{"start":{"line":112,"column":6},"end":{"line":123,"column":14}},{"start":{"line":124,"column":6},"end":{"line":140,"column":14}},{"start":{"line":141,"column":6},"end":{"line":146,"column":14}}],"line":111},"4":{"loc":{"start":{"line":154,"column":4},"end":{"line":159,"column":5}},"type":"if","locations":[{"start":{"line":154,"column":4},"end":{"line":159,"column":5}},{"start":{"line":154,"column":4},"end":{"line":159,"column":5}}],"line":154}},"s":{"0":1,"1":2,"2":2,"3":2,"4":2,"5":0,"6":0,"7":2,"8":1,"9":1,"10":1,"11":1,"12":1,"13":4,"14":4,"15":4,"16":1,"17":1,"18":1,"19":1,"20":1,"21":0,"22":3,"23":1,"24":3,"25":3,"26":3,"27":3,"28":3,"29":1,"30":2,"31":3,"32":3,"33":3,"34":0,"35":0,"36":3,"37":3,"38":1,"39":1,"40":1,"41":0,"42":1,"43":1,"44":1,"45":1,"46":1,"47":1,"48":1,"49":1,"50":3,"51":3,"52":3,"53":0,"54":3,"55":1,"56":15,"57":15,"58":15,"59":5,"60":5,"61":13,"62":15,"63":1,"64":0,"65":0},"f":{"0":2,"1":2,"2":4,"3":4,"4":3,"5":3,"6":3,"7":3,"8":3,"9":15,"10":15,"11":0,"12":0},"b":{"0":[1,1],"1":[1,3],"2":[1,2],"3":[1,1,1],"4":[0,3]},"_coverageSchema":"332fd63041d2c1bcb487cc26dd0d5f7d97098a6c","hash":"0ae02b1330923fdbfc756e9de5378f771fad682e"}
,"/home/code123/js/todos_tdd/client/src/components/App/reducers/index.js": {"path":"/home/code123/js/todos_tdd/client/src/components/App/reducers/index.js","statementMap":{"0":{"start":{"line":17,"column":17},"end":{"line":17,"column":70}},"1":{"start":{"line":17,"column":31},"end":{"line":17,"column":70}},"2":{"start":{"line":17,"column":53},"end":{"line":17,"column":69}},"3":{"start":{"line":19,"column":21},"end":{"line":47,"column":1}},"4":{"start":{"line":20,"column":25},"end":{"line":20,"column":31}},"5":{"start":{"line":21,"column":2},"end":{"line":46,"column":3}},"6":{"start":{"line":23,"column":6},"end":{"line":23,"column":49}},"7":{"start":{"line":25,"column":20},"end":{"line":25,"column":30}},"8":{"start":{"line":26,"column":6},"end":{"line":31,"column":8}},"9":{"start":{"line":32,"column":6},"end":{"line":32,"column":19}},"10":{"start":{"line":34,"column":6},"end":{"line":34,"column":47}},"11":{"start":{"line":35,"column":28},"end":{"line":35,"column":53}},"12":{"start":{"line":36,"column":6},"end":{"line":38,"column":48}},"13":{"start":{"line":40,"column":6},"end":{"line":40,"column":30}},"14":{"start":{"line":42,"column":6},"end":{"line":42,"column":66}},"15":{"start":{"line":43,"column":6},"end":{"line":43,"column":31}},"16":{"start":{"line":45,"column":6},"end":{"line":45,"column":19}},"17":{"start":{"line":49,"column":31},"end":{"line":58,"column":1}},"18":{"start":{"line":50,"column":28},"end":{"line":50,"column":34}},"19":{"start":{"line":51,"column":2},"end":{"line":57,"column":3}},"20":{"start":{"line":53,"column":6},"end":{"line":53,"column":57}},"21":{"start":{"line":54,"column":6},"end":{"line":54,"column":21}},"22":{"start":{"line":56,"column":6},"end":{"line":56,"column":19}},"23":{"start":{"line":60,"column":20},"end":{"line":67,"column":1}},"24":{"start":{"line":61,"column":2},"end":{"line":66,"column":3}},"25":{"start":{"line":63,"column":6},"end":{"line":63,"column":25}},"26":{"start":{"line":65,"column":6},"end":{"line":65,"column":19}},"27":{"start":{"line":82,"column":28},"end":{"line":89,"column":1}},"28":{"start":{"line":83,"column":2},"end":{"line":88,"column":3}},"29":{"start":{"line":85,"column":6},"end":{"line":85,"column":25}},"30":{"start":{"line":87,"column":6},"end":{"line":87,"column":19}},"31":{"start":{"line":91,"column":28},"end":{"line":98,"column":1}},"32":{"start":{"line":92,"column":2},"end":{"line":97,"column":3}},"33":{"start":{"line":94,"column":6},"end":{"line":94,"column":25}},"34":{"start":{"line":96,"column":6},"end":{"line":96,"column":19}},"35":{"start":{"line":99,"column":24},"end":{"line":110,"column":1}},"36":{"start":{"line":100,"column":30},"end":{"line":100,"column":36}},"37":{"start":{"line":101,"column":2},"end":{"line":109,"column":3}},"38":{"start":{"line":103,"column":6},"end":{"line":106,"column":8}},"39":{"start":{"line":108,"column":6},"end":{"line":108,"column":19}},"40":{"start":{"line":112,"column":25},"end":{"line":122,"column":1}},"41":{"start":{"line":113,"column":2},"end":{"line":121,"column":3}},"42":{"start":{"line":115,"column":6},"end":{"line":118,"column":8}},"43":{"start":{"line":120,"column":6},"end":{"line":120,"column":19}},"44":{"start":{"line":124,"column":24},"end":{"line":132,"column":1}},"45":{"start":{"line":125,"column":29},"end":{"line":125,"column":35}},"46":{"start":{"line":126,"column":2},"end":{"line":131,"column":3}},"47":{"start":{"line":128,"column":6},"end":{"line":128,"column":22}},"48":{"start":{"line":130,"column":6},"end":{"line":130,"column":19}},"49":{"start":{"line":134,"column":21},"end":{"line":142,"column":1}},"50":{"start":{"line":135,"column":26},"end":{"line":135,"column":32}},"51":{"start":{"line":136,"column":2},"end":{"line":141,"column":3}},"52":{"start":{"line":138,"column":6},"end":{"line":138,"column":19}},"53":{"start":{"line":140,"column":6},"end":{"line":140,"column":19}},"54":{"start":{"line":144,"column":23},"end":{"line":152,"column":1}},"55":{"start":{"line":145,"column":28},"end":{"line":145,"column":34}},"56":{"start":{"line":146,"column":2},"end":{"line":151,"column":3}},"57":{"start":{"line":148,"column":6},"end":{"line":148,"column":21}},"58":{"start":{"line":150,"column":6},"end":{"line":150,"column":19}}},"fnMap":{"0":{"name":"(anonymous_0)","decl":{"start":{"line":17,"column":17},"end":{"line":17,"column":18}},"loc":{"start":{"line":17,"column":31},"end":{"line":17,"column":70}},"line":17},"1":{"name":"(anonymous_1)","decl":{"start":{"line":17,"column":45},"end":{"line":17,"column":46}},"loc":{"start":{"line":17,"column":53},"end":{"line":17,"column":69}},"line":17},"2":{"name":"(anonymous_2)","decl":{"start":{"line":19,"column":21},"end":{"line":19,"column":22}},"loc":{"start":{"line":19,"column":45},"end":{"line":47,"column":1}},"line":19},"3":{"name":"(anonymous_3)","decl":{"start":{"line":49,"column":31},"end":{"line":49,"column":32}},"loc":{"start":{"line":49,"column":55},"end":{"line":58,"column":1}},"line":49},"4":{"name":"(anonymous_4)","decl":{"start":{"line":60,"column":20},"end":{"line":60,"column":21}},"loc":{"start":{"line":60,"column":47},"end":{"line":67,"column":1}},"line":60},"5":{"name":"(anonymous_5)","decl":{"start":{"line":82,"column":28},"end":{"line":82,"column":29}},"loc":{"start":{"line":82,"column":52},"end":{"line":89,"column":1}},"line":82},"6":{"name":"(anonymous_6)","decl":{"start":{"line":91,"column":28},"end":{"line":91,"column":29}},"loc":{"start":{"line":91,"column":52},"end":{"line":98,"column":1}},"line":91},"7":{"name":"(anonymous_7)","decl":{"start":{"line":99,"column":24},"end":{"line":99,"column":25}},"loc":{"start":{"line":99,"column":76},"end":{"line":110,"column":1}},"line":99},"8":{"name":"(anonymous_8)","decl":{"start":{"line":112,"column":25},"end":{"line":112,"column":26}},"loc":{"start":{"line":112,"column":59},"end":{"line":122,"column":1}},"line":112},"9":{"name":"(anonymous_9)","decl":{"start":{"line":124,"column":24},"end":{"line":124,"column":25}},"loc":{"start":{"line":124,"column":48},"end":{"line":132,"column":1}},"line":124},"10":{"name":"(anonymous_10)","decl":{"start":{"line":134,"column":21},"end":{"line":134,"column":22}},"loc":{"start":{"line":134,"column":45},"end":{"line":142,"column":1}},"line":134},"11":{"name":"(anonymous_11)","decl":{"start":{"line":144,"column":23},"end":{"line":144,"column":24}},"loc":{"start":{"line":144,"column":49},"end":{"line":152,"column":1}},"line":144}},"branchMap":{"0":{"loc":{"start":{"line":19,"column":22},"end":{"line":19,"column":32}},"type":"default-arg","locations":[{"start":{"line":19,"column":30},"end":{"line":19,"column":32}}],"line":19},"1":{"loc":{"start":{"line":21,"column":2},"end":{"line":46,"column":3}},"type":"switch","locations":[{"start":{"line":22,"column":4},"end":{"line":32,"column":19}},{"start":{"line":33,"column":4},"end":{"line":38,"column":48}},{"start":{"line":39,"column":4},"end":{"line":40,"column":30}},{"start":{"line":41,"column":4},"end":{"line":43,"column":31}},{"start":{"line":44,"column":4},"end":{"line":45,"column":19}}],"line":21},"2":{"loc":{"start":{"line":49,"column":32},"end":{"line":49,"column":42}},"type":"default-arg","locations":[{"start":{"line":49,"column":40},"end":{"line":49,"column":42}}],"line":49},"3":{"loc":{"start":{"line":51,"column":2},"end":{"line":57,"column":3}},"type":"switch","locations":[{"start":{"line":52,"column":4},"end":{"line":54,"column":21}},{"start":{"line":55,"column":4},"end":{"line":56,"column":19}}],"line":51},"4":{"loc":{"start":{"line":60,"column":21},"end":{"line":60,"column":34}},"type":"default-arg","locations":[{"start":{"line":60,"column":29},"end":{"line":60,"column":34}}],"line":60},"5":{"loc":{"start":{"line":61,"column":2},"end":{"line":66,"column":3}},"type":"switch","locations":[{"start":{"line":62,"column":4},"end":{"line":63,"column":25}},{"start":{"line":64,"column":4},"end":{"line":65,"column":19}}],"line":61},"6":{"loc":{"start":{"line":82,"column":29},"end":{"line":82,"column":39}},"type":"default-arg","locations":[{"start":{"line":82,"column":37},"end":{"line":82,"column":39}}],"line":82},"7":{"loc":{"start":{"line":83,"column":2},"end":{"line":88,"column":3}},"type":"switch","locations":[{"start":{"line":84,"column":4},"end":{"line":85,"column":25}},{"start":{"line":86,"column":4},"end":{"line":87,"column":19}}],"line":83},"8":{"loc":{"start":{"line":91,"column":29},"end":{"line":91,"column":39}},"type":"default-arg","locations":[{"start":{"line":91,"column":37},"end":{"line":91,"column":39}}],"line":91},"9":{"loc":{"start":{"line":92,"column":2},"end":{"line":97,"column":3}},"type":"switch","locations":[{"start":{"line":93,"column":4},"end":{"line":94,"column":25}},{"start":{"line":95,"column":4},"end":{"line":96,"column":19}}],"line":92},"10":{"loc":{"start":{"line":99,"column":25},"end":{"line":99,"column":63}},"type":"default-arg","locations":[{"start":{"line":99,"column":33},"end":{"line":99,"column":63}}],"line":99},"11":{"loc":{"start":{"line":101,"column":2},"end":{"line":109,"column":3}},"type":"switch","locations":[{"start":{"line":102,"column":4},"end":{"line":106,"column":8}},{"start":{"line":107,"column":4},"end":{"line":108,"column":19}}],"line":101},"12":{"loc":{"start":{"line":112,"column":26},"end":{"line":112,"column":46}},"type":"default-arg","locations":[{"start":{"line":112,"column":34},"end":{"line":112,"column":46}}],"line":112},"13":{"loc":{"start":{"line":113,"column":2},"end":{"line":121,"column":3}},"type":"switch","locations":[{"start":{"line":114,"column":4},"end":{"line":118,"column":8}},{"start":{"line":119,"column":4},"end":{"line":120,"column":19}}],"line":113},"14":{"loc":{"start":{"line":124,"column":25},"end":{"line":124,"column":35}},"type":"default-arg","locations":[{"start":{"line":124,"column":33},"end":{"line":124,"column":35}}],"line":124},"15":{"loc":{"start":{"line":126,"column":2},"end":{"line":131,"column":3}},"type":"switch","locations":[{"start":{"line":127,"column":4},"end":{"line":128,"column":22}},{"start":{"line":129,"column":4},"end":{"line":130,"column":19}}],"line":126},"16":{"loc":{"start":{"line":134,"column":22},"end":{"line":134,"column":32}},"type":"default-arg","locations":[{"start":{"line":134,"column":30},"end":{"line":134,"column":32}}],"line":134},"17":{"loc":{"start":{"line":136,"column":2},"end":{"line":141,"column":3}},"type":"switch","locations":[{"start":{"line":137,"column":4},"end":{"line":138,"column":19}},{"start":{"line":139,"column":4},"end":{"line":140,"column":19}}],"line":136},"18":{"loc":{"start":{"line":144,"column":24},"end":{"line":144,"column":36}},"type":"default-arg","locations":[{"start":{"line":144,"column":32},"end":{"line":144,"column":36}}],"line":144},"19":{"loc":{"start":{"line":146,"column":2},"end":{"line":151,"column":3}},"type":"switch","locations":[{"start":{"line":147,"column":4},"end":{"line":148,"column":21}},{"start":{"line":149,"column":4},"end":{"line":150,"column":19}}],"line":146}},"s":{"0":1,"1":3,"2":3,"3":1,"4":52,"5":52,"6":1,"7":1,"8":1,"9":1,"10":1,"11":1,"12":1,"13":1,"14":2,"15":2,"16":47,"17":1,"18":52,"19":52,"20":5,"21":5,"22":47,"23":1,"24":52,"25":7,"26":45,"27":1,"28":3,"29":1,"30":2,"31":1,"32":3,"33":1,"34":2,"35":1,"36":52,"37":52,"38":3,"39":49,"40":1,"41":52,"42":4,"43":48,"44":1,"45":52,"46":52,"47":1,"48":51,"49":1,"50":52,"51":52,"52":0,"53":52,"54":1,"55":52,"56":52,"57":15,"58":37},"f":{"0":3,"1":3,"2":52,"3":52,"4":52,"5":3,"6":3,"7":52,"8":52,"9":52,"10":52,"11":52},"b":{"0":[8],"1":[1,1,1,2,47],"2":[10],"3":[5,47],"4":[5],"5":[7,45],"6":[0],"7":[1,2],"8":[0],"9":[1,2],"10":[12],"11":[3,49],"12":[12],"13":[4,48],"14":[8],"15":[1,51],"16":[12],"17":[0,52],"18":[5],"19":[15,37]},"_coverageSchema":"332fd63041d2c1bcb487cc26dd0d5f7d97098a6c","hash":"3b311b2bd0311d377e760784dd3be48d1f5e94fa"}
,"/home/code123/js/todos_tdd/client/src/components/App/tests/app.int2.zest.js": {"path":"/home/code123/js/todos_tdd/client/src/components/App/tests/app.int2.zest.js","statementMap":{"0":{"start":{"line":1,"column":0},"end":{"line":null,"column":-1}},"1":{"start":{"line":2,"column":0},"end":{"line":null,"column":-1}},"2":{"start":{"line":3,"column":0},"end":{"line":null,"column":-1}},"3":{"start":{"line":4,"column":0},"end":{"line":null,"column":-1}},"4":{"start":{"line":5,"column":0},"end":{"line":null,"column":-1}},"5":{"start":{"line":6,"column":0},"end":{"line":null,"column":-1}},"6":{"start":{"line":7,"column":0},"end":{"line":null,"column":-1}},"7":{"start":{"line":15,"column":15},"end":{"line":15,"column":0}},"8":{"start":{"line":15,"column":15},"end":{"line":null,"column":-1}},"9":{"start":{"line":22,"column":0},"end":{"line":null,"column":-1}},"10":{"start":{"line":23,"column":2},"end":{"line":null,"column":-1}},"11":{"start":{"line":24,"column":22},"end":{"line":24,"column":4}},"12":{"start":{"line":26,"column":4},"end":{"line":null,"column":-1}},"13":{"start":{"line":29,"column":4},"end":{"line":null,"column":-1}},"14":{"start":{"line":33,"column":0},"end":{"line":null,"column":-1}},"15":{"start":{"line":34,"column":2},"end":{"line":null,"column":-1}},"16":{"start":{"line":35,"column":22},"end":{"line":35,"column":4}},"17":{"start":{"line":36,"column":4},"end":{"line":null,"column":-1}},"18":{"start":{"line":39,"column":4},"end":{"line":null,"column":-1}},"19":{"start":{"line":43,"column":0},"end":{"line":null,"column":-1}},"20":{"start":{"line":44,"column":2},"end":{"line":null,"column":-1}},"21":{"start":{"line":45,"column":22},"end":{"line":45,"column":4}},"22":{"start":{"line":46,"column":4},"end":{"line":null,"column":-1}},"23":{"start":{"line":49,"column":4},"end":{"line":null,"column":-1}},"24":{"start":{"line":52,"column":4},"end":{"line":null,"column":-1}},"25":{"start":{"line":56,"column":2},"end":{"line":null,"column":-1}},"26":{"start":{"line":57,"column":22},"end":{"line":57,"column":4}},"27":{"start":{"line":58,"column":4},"end":{"line":null,"column":-1}},"28":{"start":{"line":61,"column":4},"end":{"line":null,"column":-1}},"29":{"start":{"line":65,"column":4},"end":{"line":null,"column":-1}},"30":{"start":{"line":68,"column":4},"end":{"line":null,"column":-1}},"31":{"start":{"line":72,"column":0},"end":{"line":null,"column":-1}},"32":{"start":{"line":73,"column":20},"end":{"line":73,"column":2}},"33":{"start":{"line":75,"column":2},"end":{"line":null,"column":-1}},"34":{"start":{"line":76,"column":4},"end":{"line":null,"column":-1}},"35":{"start":{"line":80,"column":2},"end":{"line":null,"column":-1}},"36":{"start":{"line":81,"column":4},"end":{"line":null,"column":-1}},"37":{"start":{"line":84,"column":4},"end":{"line":null,"column":-1}},"38":{"start":{"line":88,"column":0},"end":{"line":null,"column":-1}},"39":{"start":{"line":89,"column":2},"end":{"line":null,"column":-1}},"40":{"start":{"line":90,"column":22},"end":{"line":90,"column":4}},"41":{"start":{"line":91,"column":4},"end":{"line":null,"column":-1}},"42":{"start":{"line":94,"column":4},"end":{"line":null,"column":-1}},"43":{"start":{"line":98,"column":0},"end":{"line":null,"column":-1}},"44":{"start":{"line":99,"column":2},"end":{"line":null,"column":-1}},"45":{"start":{"line":100,"column":22},"end":{"line":100,"column":4}},"46":{"start":{"line":102,"column":4},"end":{"line":null,"column":-1}},"47":{"start":{"line":105,"column":4},"end":{"line":null,"column":-1}}},"fnMap":{"0":{"name":"render","decl":{"start":{"line":15,"column":6},"end":{"line":15,"column":15}},"loc":{"start":{"line":15,"column":15},"end":{"line":15,"column":0}}},"1":{"name":"(anonymous_2)","decl":{"start":{"line":22,"column":38},"end":{"line":22,"column":48}},"loc":{"start":{"line":22,"column":49},"end":{"line":22,"column":0}}},"2":{"name":"(anonymous_3)","decl":{"start":{"line":23,"column":36},"end":{"line":23,"column":46}},"loc":{"start":{"line":23,"column":47},"end":{"line":23,"column":2}}},"3":{"name":"(anonymous_4)","decl":{"start":{"line":33,"column":37},"end":{"line":33,"column":47}},"loc":{"start":{"line":33,"column":48},"end":{"line":33,"column":0}}},"4":{"name":"(anonymous_5)","decl":{"start":{"line":34,"column":35},"end":{"line":34,"column":45}},"loc":{"start":{"line":34,"column":46},"end":{"line":34,"column":2}}},"5":{"name":"(anonymous_6)","decl":{"start":{"line":43,"column":36},"end":{"line":43,"column":46}},"loc":{"start":{"line":43,"column":47},"end":{"line":43,"column":0}}},"6":{"name":"(anonymous_7)","decl":{"start":{"line":44,"column":35},"end":{"line":44,"column":45}},"loc":{"start":{"line":44,"column":46},"end":{"line":44,"column":2}}},"7":{"name":"(anonymous_8)","decl":{"start":{"line":56,"column":45},"end":{"line":56,"column":55}},"loc":{"start":{"line":56,"column":56},"end":{"line":56,"column":2}}},"8":{"name":"(anonymous_9)","decl":{"start":{"line":72,"column":40},"end":{"line":72,"column":50}},"loc":{"start":{"line":72,"column":51},"end":{"line":72,"column":0}}},"9":{"name":"(anonymous_10)","decl":{"start":{"line":75,"column":42},"end":{"line":75,"column":52}},"loc":{"start":{"line":75,"column":53},"end":{"line":75,"column":2}}},"10":{"name":"(anonymous_11)","decl":{"start":{"line":80,"column":36},"end":{"line":80,"column":46}},"loc":{"start":{"line":80,"column":47},"end":{"line":80,"column":2}}},"11":{"name":"(anonymous_12)","decl":{"start":{"line":88,"column":59},"end":{"line":88,"column":69}},"loc":{"start":{"line":88,"column":70},"end":{"line":88,"column":0}}},"12":{"name":"(anonymous_13)","decl":{"start":{"line":89,"column":33},"end":{"line":89,"column":43}},"loc":{"start":{"line":89,"column":44},"end":{"line":89,"column":2}}},"13":{"name":"(anonymous_14)","decl":{"start":{"line":98,"column":58},"end":{"line":98,"column":68}},"loc":{"start":{"line":98,"column":69},"end":{"line":98,"column":0}}},"14":{"name":"(anonymous_15)","decl":{"start":{"line":99,"column":32},"end":{"line":99,"column":42}},"loc":{"start":{"line":99,"column":43},"end":{"line":99,"column":2}}}},"branchMap":{},"s":{"0":0,"1":0,"2":0,"3":0,"4":0,"5":0,"6":0,"7":0,"8":0,"9":0,"10":0,"11":0,"12":0,"13":0,"14":0,"15":0,"16":0,"17":0,"18":0,"19":0,"20":0,"21":0,"22":0,"23":0,"24":0,"25":0,"26":0,"27":0,"28":0,"29":0,"30":0,"31":0,"32":0,"33":0,"34":0,"35":0,"36":0,"37":0,"38":0,"39":0,"40":0,"41":0,"42":0,"43":0,"44":0,"45":0,"46":0,"47":0},"f":{"0":0,"1":0,"2":0,"3":0,"4":0,"5":0,"6":0,"7":0,"8":0,"9":0,"10":0,"11":0,"12":0,"13":0,"14":0},"b":{}}
,"/home/code123/js/todos_tdd/client/src/components/App/tests/handleFormSubmitErrorMock.js": {"path":"/home/code123/js/todos_tdd/client/src/components/App/tests/handleFormSubmitErrorMock.js","statementMap":{"0":{"start":{"line":1,"column":0},"end":{"line":null,"column":-1}},"1":{"start":{"line":3,"column":2},"end":{"line":null,"column":-1}}},"fnMap":{"0":{"name":"(anonymous_0)","decl":{"start":{"line":1,"column":17},"end":{"line":1,"column":25}},"loc":{"start":{"line":1,"column":35},"end":{"line":1,"column":0}}}},"branchMap":{},"s":{"0":0,"1":0},"f":{"0":0},"b":{}}
,"/home/code123/js/todos_tdd/client/src/components/App/tests/handleFormSubmitMock.js": {"path":"/home/code123/js/todos_tdd/client/src/components/App/tests/handleFormSubmitMock.js","statementMap":{"0":{"start":{"line":1,"column":0},"end":{"line":null,"column":-1}},"1":{"start":{"line":3,"column":2},"end":{"line":null,"column":-1}},"2":{"start":{"line":5,"column":6},"end":{"line":null,"column":-1}},"3":{"start":{"line":6,"column":6},"end":{"line":null,"column":-1}},"4":{"start":{"line":8,"column":6},"end":{"line":null,"column":-1}},"5":{"start":{"line":9,"column":6},"end":{"line":null,"column":-1}},"6":{"start":{"line":11,"column":6},"end":{"line":null,"column":-1}},"7":{"start":{"line":21,"column":6},"end":{"line":null,"column":-1}},"8":{"start":{"line":23,"column":2},"end":{"line":null,"column":-1}}},"fnMap":{"0":{"name":"(anonymous_1)","decl":{"start":{"line":1,"column":17},"end":{"line":1,"column":25}},"loc":{"start":{"line":1,"column":34},"end":{"line":1,"column":0}}}},"branchMap":{"0":{"loc":{"start":{"line":4,"column":4},"end":{"line":6,"column":6}},"type":"switch","locations":[{"start":{"line":4,"column":4},"end":{"line":6,"column":6}},{"start":{"line":7,"column":4},"end":{"line":9,"column":6}},{"start":{"line":10,"column":4},"end":{"line":21,"column":6}}]}},"s":{"0":0,"1":0,"2":0,"3":0,"4":0,"5":0,"6":0,"7":0,"8":0},"f":{"0":0},"b":{"0":[0,0,0]}}
,"/home/code123/js/todos_tdd/client/src/components/App/tests/handleSidebarClickMock.js": {"path":"/home/code123/js/todos_tdd/client/src/components/App/tests/handleSidebarClickMock.js","statementMap":{"0":{"start":{"line":1,"column":0},"end":{"line":null,"column":-1}},"1":{"start":{"line":2,"column":2},"end":{"line":10,"column":3}},"2":{"start":{"line":5,"column":4},"end":{"line":null,"column":-1}},"3":{"start":{"line":7,"column":4},"end":{"line":null,"column":-1}}},"fnMap":{"0":{"name":"(anonymous_0)","decl":{"start":{"line":1,"column":17},"end":{"line":1,"column":25}},"loc":{"start":{"line":1,"column":35},"end":{"line":1,"column":0}}}},"branchMap":{"0":{"loc":{"start":{"line":2,"column":2},"end":{"line":10,"column":3}},"type":"if","locations":[{"start":{"line":2,"column":2},"end":{"line":10,"column":3}},{"start":{"line":2,"column":2},"end":{"line":10,"column":3}}]}},"s":{"0":0,"1":0,"2":0,"3":0},"f":{"0":0},"b":{"0":[0,0]}}
,"/home/code123/js/todos_tdd/client/src/components/App/tests/handleTodosButtonClickMock.js": {"path":"/home/code123/js/todos_tdd/client/src/components/App/tests/handleTodosButtonClickMock.js","statementMap":{"0":{"start":{"line":1,"column":0},"end":{"line":null,"column":-1}},"1":{"start":{"line":1,"column":35},"end":{"line":null,"column":-1}},"2":{"start":{"line":2,"column":19},"end":{"line":2,"column":2}},"3":{"start":{"line":2,"column":19},"end":{"line":null,"column":-1}},"4":{"start":{"line":2,"column":46},"end":{"line":null,"column":-1}},"5":{"start":{"line":6,"column":23},"end":{"line":6,"column":2}},"6":{"start":{"line":7,"column":10},"end":{"line":7,"column":4}},"7":{"start":{"line":8,"column":4},"end":{"line":null,"column":-1}},"8":{"start":{"line":12,"column":10},"end":{"line":12,"column":4}},"9":{"start":{"line":13,"column":4},"end":{"line":null,"column":-1}},"10":{"start":{"line":17,"column":21},"end":{"line":17,"column":2}},"11":{"start":{"line":19,"column":22},"end":{"line":19,"column":4}},"12":{"start":{"line":20,"column":21},"end":{"line":20,"column":4}},"13":{"start":{"line":23,"column":4},"end":{"line":null,"column":-1}},"14":{"start":{"line":27,"column":2},"end":{"line":null,"column":-1}},"15":{"start":{"line":29,"column":6},"end":{"line":null,"column":-1}},"16":{"start":{"line":30,"column":6},"end":{"line":null,"column":-1}},"17":{"start":{"line":32,"column":6},"end":{"line":null,"column":-1}},"18":{"start":{"line":33,"column":6},"end":{"line":null,"column":-1}}},"fnMap":{"0":{"name":"(anonymous_1)","decl":{"start":{"line":1,"column":17},"end":{"line":1,"column":25}},"loc":{"start":{"line":1,"column":35},"end":{"line":1,"column":0}}},"1":{"name":"getIndex","decl":{"start":{"line":2,"column":8},"end":{"line":2,"column":19}},"loc":{"start":{"line":2,"column":19},"end":{"line":2,"column":2}}},"2":{"name":"(anonymous_3)","decl":{"start":{"line":2,"column":46},"end":{"line":null,"column":-1}},"loc":{"start":{"line":2,"column":46},"end":{"line":2,"column":32}}},"3":{"name":"toggleClosed","decl":{"start":{"line":6,"column":8},"end":{"line":6,"column":23}},"loc":{"start":{"line":6,"column":29},"end":{"line":6,"column":2}}},"4":{"name":"deleteTodo","decl":{"start":{"line":17,"column":8},"end":{"line":17,"column":21}},"loc":{"start":{"line":17,"column":27},"end":{"line":17,"column":2}}}},"branchMap":{"0":{"loc":{"start":{"line":28,"column":4},"end":{"line":30,"column":6}},"type":"switch","locations":[{"start":{"line":28,"column":4},"end":{"line":30,"column":6}},{"start":{"line":31,"column":4},"end":{"line":33,"column":6}}]}},"s":{"0":0,"1":0,"2":0,"3":0,"4":0,"5":0,"6":0,"7":0,"8":0,"9":0,"10":0,"11":0,"12":0,"13":0,"14":0,"15":0,"16":0,"17":0,"18":0},"f":{"0":0,"1":0,"2":0,"3":0,"4":0},"b":{"0":[0,0]}}
,"/home/code123/js/todos_tdd/client/src/components/App/tests/mocks.js": {"path":"/home/code123/js/todos_tdd/client/src/components/App/tests/mocks.js","statementMap":{"0":{"start":{"line":1,"column":40},"end":{"line":17,"column":1}},"1":{"start":{"line":19,"column":45},"end":{"line":23,"column":1}},"2":{"start":{"line":24,"column":33},"end":{"line":27,"column":1}},"3":{"start":{"line":29,"column":42},"end":{"line":42,"column":1}},"4":{"start":{"line":44,"column":43},"end":{"line":48,"column":1}},"5":{"start":{"line":50,"column":42},"end":{"line":54,"column":1}}},"fnMap":{},"branchMap":{},"s":{"0":1,"1":1,"2":1,"3":1,"4":1,"5":1},"f":{},"b":{},"_coverageSchema":"332fd63041d2c1bcb487cc26dd0d5f7d97098a6c","hash":"d4e773a4ef9821d9fc695ebf52c655d55c47d2fa"}
,"/home/code123/js/todos_tdd/client/src/components/buttons/SidebarLink.js": {"path":"/home/code123/js/todos_tdd/client/src/components/buttons/SidebarLink.js","statementMap":{"0":{"start":{"line":3,"column":23},"end":{"line":3,"column":73}},"1":{"start":{"line":3,"column":30},"end":{"line":3,"column":73}},"2":{"start":{"line":5,"column":20},"end":{"line":16,"column":1}},"3":{"start":{"line":6,"column":2},"end":{"line":15,"column":4}},"4":{"start":{"line":11,"column":20},"end":{"line":11,"column":40}}},"fnMap":{"0":{"name":"(anonymous_0)","decl":{"start":{"line":3,"column":23},"end":{"line":3,"column":24}},"loc":{"start":{"line":3,"column":30},"end":{"line":3,"column":73}},"line":3},"1":{"name":"(anonymous_1)","decl":{"start":{"line":5,"column":20},"end":{"line":5,"column":21}},"loc":{"start":{"line":5,"column":47},"end":{"line":16,"column":1}},"line":5},"2":{"name":"(anonymous_2)","decl":{"start":{"line":11,"column":15},"end":{"line":11,"column":16}},"loc":{"start":{"line":11,"column":20},"end":{"line":11,"column":40}},"line":11}},"branchMap":{},"s":{"0":1,"1":40,"2":1,"3":40,"4":4},"f":{"0":40,"1":40,"2":4},"b":{},"_coverageSchema":"332fd63041d2c1bcb487cc26dd0d5f7d97098a6c","hash":"63aec8ec93888972de5c8f2829cc39addfec3820"}
,"/home/code123/js/todos_tdd/client/src/components/layout/Advertisement.js": {"path":"/home/code123/js/todos_tdd/client/src/components/layout/Advertisement.js","statementMap":{"0":{"start":{"line":3,"column":22},"end":{"line":11,"column":1}},"1":{"start":{"line":4,"column":2},"end":{"line":10,"column":4}}},"fnMap":{"0":{"name":"(anonymous_0)","decl":{"start":{"line":3,"column":22},"end":{"line":3,"column":23}},"loc":{"start":{"line":3,"column":28},"end":{"line":11,"column":1}},"line":3}},"branchMap":{},"s":{"0":1,"1":28},"f":{"0":28},"b":{},"_coverageSchema":"332fd63041d2c1bcb487cc26dd0d5f7d97098a6c","hash":"958ea3fada9809eb8d5a11e9d14673005b9cbcaf"}
,"/home/code123/js/todos_tdd/client/src/components/layout/Content.js": {"path":"/home/code123/js/todos_tdd/client/src/components/layout/Content.js","statementMap":{"0":{"start":{"line":3,"column":16},"end":{"line":5,"column":1}},"1":{"start":{"line":4,"column":2},"end":{"line":4,"column":51}}},"fnMap":{"0":{"name":"(anonymous_0)","decl":{"start":{"line":3,"column":16},"end":{"line":3,"column":17}},"loc":{"start":{"line":3,"column":34},"end":{"line":5,"column":1}},"line":3}},"branchMap":{},"s":{"0":1,"1":28},"f":{"0":28},"b":{},"_coverageSchema":"332fd63041d2c1bcb487cc26dd0d5f7d97098a6c","hash":"77d760a7e5875db5c30867e59f60f6ec99bd9f4f"}
,"/home/code123/js/todos_tdd/client/src/components/layout/Footer.js": {"path":"/home/code123/js/todos_tdd/client/src/components/layout/Footer.js","statementMap":{"0":{"start":{"line":3,"column":15},"end":{"line":9,"column":1}},"1":{"start":{"line":4,"column":2},"end":{"line":8,"column":4}}},"fnMap":{"0":{"name":"(anonymous_0)","decl":{"start":{"line":3,"column":15},"end":{"line":3,"column":16}},"loc":{"start":{"line":3,"column":21},"end":{"line":9,"column":1}},"line":3}},"branchMap":{},"s":{"0":1,"1":28},"f":{"0":28},"b":{},"_coverageSchema":"332fd63041d2c1bcb487cc26dd0d5f7d97098a6c","hash":"750854bea09179acd38db09cb6190ce781bf959b"}
,"/home/code123/js/todos_tdd/client/src/components/layout/Header.js": {"path":"/home/code123/js/todos_tdd/client/src/components/layout/Header.js","statementMap":{"0":{"start":{"line":3,"column":15},"end":{"line":12,"column":1}},"1":{"start":{"line":4,"column":2},"end":{"line":11,"column":4}}},"fnMap":{"0":{"name":"(anonymous_0)","decl":{"start":{"line":3,"column":15},"end":{"line":3,"column":16}},"loc":{"start":{"line":3,"column":39},"end":{"line":12,"column":1}},"line":3}},"branchMap":{"0":{"loc":{"start":{"line":8,"column":9},"end":{"line":8,"column":50}},"type":"cond-expr","locations":[{"start":{"line":8,"column":28},"end":{"line":8,"column":44}},{"start":{"line":8,"column":47},"end":{"line":8,"column":50}}],"line":8},"1":{"loc":{"start":{"line":8,"column":9},"end":{"line":8,"column":25}},"type":"binary-expr","locations":[{"start":{"line":8,"column":9},"end":{"line":8,"column":17}},{"start":{"line":8,"column":21},"end":{"line":8,"column":25}}],"line":8}},"s":{"0":1,"1":28},"f":{"0":28},"b":{"0":[8,20],"1":[28,9]},"_coverageSchema":"332fd63041d2c1bcb487cc26dd0d5f7d97098a6c","hash":"048eace5546b97ead8507c5a3ddad683a8b9559f"}
,"/home/code123/js/todos_tdd/client/src/components/layout/Loading.js": {"path":"/home/code123/js/todos_tdd/client/src/components/layout/Loading.js","statementMap":{"0":{"start":{"line":3,"column":16},"end":{"line":5,"column":1}},"1":{"start":{"line":4,"column":2},"end":{"line":4,"column":59}}},"fnMap":{"0":{"name":"(anonymous_0)","decl":{"start":{"line":3,"column":16},"end":{"line":3,"column":17}},"loc":{"start":{"line":3,"column":22},"end":{"line":5,"column":1}},"line":3}},"branchMap":{},"s":{"0":1,"1":7},"f":{"0":7},"b":{},"_coverageSchema":"332fd63041d2c1bcb487cc26dd0d5f7d97098a6c","hash":"5361837a435f354584f27fbb4f61966eb7848ad1"}
,"/home/code123/js/todos_tdd/client/src/components/layout/Sidebar.js": {"path":"/home/code123/js/todos_tdd/client/src/components/layout/Sidebar.js","statementMap":{"0":{"start":{"line":4,"column":16},"end":{"line":16,"column":1}},"1":{"start":{"line":5,"column":22},"end":{"line":13,"column":3}},"2":{"start":{"line":6,"column":4},"end":{"line":8,"column":5}},"3":{"start":{"line":7,"column":6},"end":{"line":7,"column":78}},"4":{"start":{"line":9,"column":4},"end":{"line":12,"column":6}},"5":{"start":{"line":15,"column":2},"end":{"line":15,"column":56}}},"fnMap":{"0":{"name":"(anonymous_0)","decl":{"start":{"line":4,"column":16},"end":{"line":4,"column":17}},"loc":{"start":{"line":4,"column":50},"end":{"line":16,"column":1}},"line":4},"1":{"name":"(anonymous_1)","decl":{"start":{"line":5,"column":22},"end":{"line":5,"column":23}},"loc":{"start":{"line":5,"column":28},"end":{"line":13,"column":3}},"line":5}},"branchMap":{"0":{"loc":{"start":{"line":6,"column":4},"end":{"line":8,"column":5}},"type":"if","locations":[{"start":{"line":6,"column":4},"end":{"line":8,"column":5}},{"start":{"line":6,"column":4},"end":{"line":8,"column":5}}],"line":6}},"s":{"0":1,"1":28,"2":28,"3":16,"4":12,"5":28},"f":{"0":28,"1":28},"b":{"0":[16,12]},"_coverageSchema":"332fd63041d2c1bcb487cc26dd0d5f7d97098a6c","hash":"7e6744c1e61e70003aaee9cb8a36e6b6d09996cb"}
,"/home/code123/js/todos_tdd/client/src/components/layout/index.js": {"path":"/home/code123/js/todos_tdd/client/src/components/layout/index.js","statementMap":{},"fnMap":{},"branchMap":{},"s":{},"f":{},"b":{},"_coverageSchema":"332fd63041d2c1bcb487cc26dd0d5f7d97098a6c","hash":"aae5693399b97a97580fecbc28e489128a6c2f93"}
,"/home/code123/js/todos_tdd/client/src/components/modals/ErrorModal.js": {"path":"/home/code123/js/todos_tdd/client/src/components/modals/ErrorModal.js","statementMap":{"0":{"start":{"line":22,"column":11},"end":{"line":22,"column":15}},"1":{"start":{"line":26,"column":4},"end":{"line":28,"column":5}},"2":{"start":{"line":27,"column":6},"end":{"line":27,"column":18}},"3":{"start":{"line":29,"column":4},"end":{"line":29,"column":17}},"4":{"start":{"line":32,"column":31},"end":{"line":32,"column":41}},"5":{"start":{"line":33,"column":4},"end":{"line":36,"column":6}},"6":{"start":{"line":40,"column":4},"end":{"line":40,"column":41}},"7":{"start":{"line":41,"column":4},"end":{"line":41,"column":36}},"8":{"start":{"line":45,"column":4},"end":{"line":45,"column":42}},"9":{"start":{"line":46,"column":4},"end":{"line":46,"column":57}},"10":{"start":{"line":50,"column":4},"end":{"line":50,"column":22}},"11":{"start":{"line":54,"column":17},"end":{"line":66,"column":1}},"12":{"start":{"line":55,"column":2},"end":{"line":65,"column":4}}},"fnMap":{"0":{"name":"(anonymous_0)","decl":{"start":{"line":25,"column":2},"end":{"line":25,"column":3}},"loc":{"start":{"line":25,"column":35},"end":{"line":30,"column":3}},"line":25},"1":{"name":"(anonymous_1)","decl":{"start":{"line":31,"column":2},"end":{"line":31,"column":3}},"loc":{"start":{"line":31,"column":23},"end":{"line":37,"column":3}},"line":31},"2":{"name":"(anonymous_2)","decl":{"start":{"line":39,"column":2},"end":{"line":39,"column":3}},"loc":{"start":{"line":39,"column":22},"end":{"line":42,"column":3}},"line":39},"3":{"name":"(anonymous_3)","decl":{"start":{"line":44,"column":2},"end":{"line":44,"column":3}},"loc":{"start":{"line":44,"column":25},"end":{"line":47,"column":3}},"line":44},"4":{"name":"(anonymous_4)","decl":{"start":{"line":49,"column":2},"end":{"line":49,"column":3}},"loc":{"start":{"line":49,"column":11},"end":{"line":51,"column":3}},"line":49},"5":{"name":"(anonymous_5)","decl":{"start":{"line":54,"column":17},"end":{"line":54,"column":18}},"loc":{"start":{"line":54,"column":49},"end":{"line":66,"column":1}},"line":54}},"branchMap":{"0":{"loc":{"start":{"line":26,"column":4},"end":{"line":28,"column":5}},"type":"if","locations":[{"start":{"line":26,"column":4},"end":{"line":28,"column":5}},{"start":{"line":26,"column":4},"end":{"line":28,"column":5}}],"line":26},"1":{"loc":{"start":{"line":46,"column":4},"end":{"line":46,"column":56}},"type":"binary-expr","locations":[{"start":{"line":46,"column":4},"end":{"line":46,"column":19}},{"start":{"line":46,"column":23},"end":{"line":46,"column":56}}],"line":46},"2":{"loc":{"start":{"line":57,"column":17},"end":{"line":57,"column":66}},"type":"cond-expr","locations":[{"start":{"line":57,"column":27},"end":{"line":57,"column":48}},{"start":{"line":57,"column":51},"end":{"line":57,"column":66}}],"line":57}},"s":{"0":1,"1":18,"2":0,"3":18,"4":0,"5":0,"6":10,"7":10,"8":8,"9":8,"10":10,"11":1,"12":0},"f":{"0":18,"1":0,"2":10,"3":8,"4":10,"5":0},"b":{"0":[0,18],"1":[8,1],"2":[0,0]},"_coverageSchema":"332fd63041d2c1bcb487cc26dd0d5f7d97098a6c","hash":"7fe07b10dfac1ad170cc7c184bd3c86c0907a936"}
,"/home/code123/js/todos_tdd/client/src/components/modals/index.js": {"path":"/home/code123/js/todos_tdd/client/src/components/modals/index.js","statementMap":{},"fnMap":{},"branchMap":{},"s":{},"f":{},"b":{},"_coverageSchema":"332fd63041d2c1bcb487cc26dd0d5f7d97098a6c","hash":"3feac02fd9751d250f0550cc97637998c636def1"}
,"/home/code123/js/todos_tdd/client/src/components/modals/tests/errorModal.int.zest.js": {"path":"/home/code123/js/todos_tdd/client/src/components/modals/tests/errorModal.int.zest.js","statementMap":{"0":{"start":{"line":1,"column":0},"end":{"line":null,"column":-1}},"1":{"start":{"line":2,"column":0},"end":{"line":null,"column":-1}},"2":{"start":{"line":3,"column":0},"end":{"line":null,"column":-1}},"3":{"start":{"line":5,"column":0},"end":{"line":null,"column":-1}},"4":{"start":{"line":6,"column":6},"end":{"line":6,"column":2}},"5":{"start":{"line":7,"column":18},"end":{"line":7,"column":2}},"6":{"start":{"line":11,"column":2},"end":{"line":null,"column":-1}},"7":{"start":{"line":12,"column":4},"end":{"line":null,"column":-1}},"8":{"start":{"line":18,"column":2},"end":{"line":null,"column":-1}},"9":{"start":{"line":19,"column":4},"end":{"line":null,"column":-1}},"10":{"start":{"line":21,"column":2},"end":{"line":null,"column":-1}},"11":{"start":{"line":22,"column":4},"end":{"line":null,"column":-1}}},"fnMap":{"0":{"name":"(anonymous_1)","decl":{"start":{"line":5,"column":26},"end":{"line":5,"column":36}},"loc":{"start":{"line":5,"column":37},"end":{"line":5,"column":0}}},"1":{"name":"(anonymous_2)","decl":{"start":{"line":11,"column":9},"end":{"line":11,"column":19}},"loc":{"start":{"line":11,"column":20},"end":{"line":11,"column":2}}},"2":{"name":"onClose","decl":{"start":{"line":14,"column":45},"end":{"line":14,"column":50}},"loc":{"start":{"line":14,"column":51},"end":{"line":14,"column":8}}},"3":{"name":"(anonymous_4)","decl":{"start":{"line":18,"column":8},"end":{"line":18,"column":18}},"loc":{"start":{"line":18,"column":19},"end":{"line":18,"column":2}}},"4":{"name":"(anonymous_5)","decl":{"start":{"line":21,"column":34},"end":{"line":21,"column":44}},"loc":{"start":{"line":21,"column":45},"end":{"line":21,"column":2}}}},"branchMap":{},"s":{"0":0,"1":0,"2":0,"3":0,"4":0,"5":0,"6":0,"7":0,"8":0,"9":0,"10":0,"11":0},"f":{"0":0,"1":0,"2":0,"3":0,"4":0},"b":{}}
,"/home/code123/js/todos_tdd/client/src/components/todos/TodoButton.js": {"path":"/home/code123/js/todos_tdd/client/src/components/todos/TodoButton.js","statementMap":{"0":{"start":{"line":4,"column":19},"end":{"line":31,"column":1}},"1":{"start":{"line":5,"column":63},"end":{"line":5,"column":68}},"2":{"start":{"line":6,"column":23},"end":{"line":29,"column":3}},"3":{"start":{"line":7,"column":4},"end":{"line":28,"column":5}},"4":{"start":{"line":9,"column":8},"end":{"line":17,"column":10}},"5":{"start":{"line":13,"column":27},"end":{"line":13,"column":70}},"6":{"start":{"line":19,"column":8},"end":{"line":27,"column":10}},"7":{"start":{"line":23,"column":27},"end":{"line":23,"column":66}},"8":{"start":{"line":30,"column":2},"end":{"line":30,"column":24}}},"fnMap":{"0":{"name":"(anonymous_0)","decl":{"start":{"line":4,"column":19},"end":{"line":4,"column":20}},"loc":{"start":{"line":4,"column":28},"end":{"line":31,"column":1}},"line":4},"1":{"name":"(anonymous_1)","decl":{"start":{"line":6,"column":23},"end":{"line":6,"column":24}},"loc":{"start":{"line":6,"column":29},"end":{"line":29,"column":3}},"line":6},"2":{"name":"(anonymous_2)","decl":{"start":{"line":13,"column":21},"end":{"line":13,"column":22}},"loc":{"start":{"line":13,"column":27},"end":{"line":13,"column":70}},"line":13},"3":{"name":"(anonymous_3)","decl":{"start":{"line":23,"column":21},"end":{"line":23,"column":22}},"loc":{"start":{"line":23,"column":27},"end":{"line":23,"column":66}},"line":23}},"branchMap":{"0":{"loc":{"start":{"line":7,"column":4},"end":{"line":28,"column":5}},"type":"switch","locations":[{"start":{"line":8,"column":6},"end":{"line":17,"column":10}},{"start":{"line":18,"column":6},"end":{"line":27,"column":10}}],"line":7},"1":{"loc":{"start":{"line":15,"column":13},"end":{"line":15,"column":42}},"type":"cond-expr","locations":[{"start":{"line":15,"column":27},"end":{"line":15,"column":33}},{"start":{"line":15,"column":36},"end":{"line":15,"column":42}}],"line":15}},"s":{"0":1,"1":28,"2":28,"3":28,"4":14,"5":1,"6":14,"7":1,"8":28},"f":{"0":28,"1":28,"2":1,"3":1},"b":{"0":[14,14],"1":[5,9]},"_coverageSchema":"332fd63041d2c1bcb487cc26dd0d5f7d97098a6c","hash":"3b50005631e72d369b49038a8ca4533ba5e9b34b"}
,"/home/code123/js/todos_tdd/client/src/components/todos/TodoUnit.js": {"path":"/home/code123/js/todos_tdd/client/src/components/todos/TodoUnit.js","statementMap":{"0":{"start":{"line":4,"column":17},"end":{"line":28,"column":1}},"1":{"start":{"line":5,"column":19},"end":{"line":7,"column":4}},"2":{"start":{"line":5,"column":26},"end":{"line":7,"column":3}},"3":{"start":{"line":9,"column":2},"end":{"line":27,"column":4}}},"fnMap":{"0":{"name":"(anonymous_0)","decl":{"start":{"line":4,"column":17},"end":{"line":4,"column":18}},"loc":{"start":{"line":4,"column":76},"end":{"line":28,"column":1}},"line":4},"1":{"name":"(anonymous_1)","decl":{"start":{"line":5,"column":19},"end":{"line":5,"column":20}},"loc":{"start":{"line":5,"column":26},"end":{"line":7,"column":3}},"line":5}},"branchMap":{"0":{"loc":{"start":{"line":6,"column":20},"end":{"line":6,"column":57}},"type":"cond-expr","locations":[{"start":{"line":6,"column":34},"end":{"line":6,"column":48}},{"start":{"line":6,"column":51},"end":{"line":6,"column":57}}],"line":6}},"s":{"0":1,"1":14,"2":14,"3":14},"f":{"0":14,"1":14},"b":{"0":[5,9]},"_coverageSchema":"332fd63041d2c1bcb487cc26dd0d5f7d97098a6c","hash":"d6a761d690ef94fbfbc0f07283b87f9a4b00cd48"}
,"/home/code123/js/todos_tdd/client/src/components/todos/TodosForm.js": {"path":"/home/code123/js/todos_tdd/client/src/components/todos/TodosForm.js","statementMap":{"0":{"start":{"line":6,"column":61},"end":{"line":6,"column":71}},"1":{"start":{"line":7,"column":4},"end":{"line":29,"column":6}},"2":{"start":{"line":12,"column":25},"end":{"line":12,"column":61}},"3":{"start":{"line":24,"column":27},"end":{"line":24,"column":65}}},"fnMap":{"0":{"name":"(anonymous_0)","decl":{"start":{"line":5,"column":2},"end":{"line":5,"column":3}},"loc":{"start":{"line":5,"column":11},"end":{"line":30,"column":3}},"line":5},"1":{"name":"(anonymous_1)","decl":{"start":{"line":12,"column":20},"end":{"line":12,"column":21}},"loc":{"start":{"line":12,"column":25},"end":{"line":12,"column":61}},"line":12},"2":{"name":"(anonymous_2)","decl":{"start":{"line":24,"column":22},"end":{"line":24,"column":23}},"loc":{"start":{"line":24,"column":27},"end":{"line":24,"column":65}},"line":24}},"branchMap":{},"s":{"0":16,"1":16,"2":1,"3":1},"f":{"0":16,"1":1,"2":1},"b":{},"_coverageSchema":"332fd63041d2c1bcb487cc26dd0d5f7d97098a6c","hash":"1d56ed1039d7c3d446acd60d67422e3a2e269bb5"}
,"/home/code123/js/todos_tdd/client/src/components/todos/TodosList.js": {"path":"/home/code123/js/todos_tdd/client/src/components/todos/TodosList.js","statementMap":{"0":{"start":{"line":3,"column":18},"end":{"line":23,"column":1}},"1":{"start":{"line":4,"column":2},"end":{"line":15,"column":3}},"2":{"start":{"line":5,"column":4},"end":{"line":14,"column":6}},"3":{"start":{"line":16,"column":2},"end":{"line":22,"column":4}}},"fnMap":{"0":{"name":"(anonymous_0)","decl":{"start":{"line":3,"column":18},"end":{"line":3,"column":19}},"loc":{"start":{"line":3,"column":43},"end":{"line":23,"column":1}},"line":3}},"branchMap":{"0":{"loc":{"start":{"line":4,"column":2},"end":{"line":15,"column":3}},"type":"if","locations":[{"start":{"line":4,"column":2},"end":{"line":15,"column":3}},{"start":{"line":4,"column":2},"end":{"line":15,"column":3}}],"line":4}},"s":{"0":1,"1":16,"2":8,"3":8},"f":{"0":16},"b":{"0":[8,8]},"_coverageSchema":"332fd63041d2c1bcb487cc26dd0d5f7d97098a6c","hash":"3b52bd36957b2ee82ff621949451e2dd43d65950"}
,"/home/code123/js/todos_tdd/client/src/components/todos/index.js": {"path":"/home/code123/js/todos_tdd/client/src/components/todos/index.js","statementMap":{},"fnMap":{},"branchMap":{},"s":{},"f":{},"b":{},"_coverageSchema":"332fd63041d2c1bcb487cc26dd0d5f7d97098a6c","hash":"1a35bcfb0862e8dbb24f170ba448f6fbcefb85e0"}
,"/home/code123/js/todos_tdd/client/src/components/user/UserForm.js": {"path":"/home/code123/js/todos_tdd/client/src/components/user/UserForm.js","statementMap":{"0":{"start":{"line":4,"column":17},"end":{"line":11,"column":1}},"1":{"start":{"line":5,"column":2},"end":{"line":10,"column":3}},"2":{"start":{"line":7,"column":6},"end":{"line":7,"column":61}},"3":{"start":{"line":9,"column":6},"end":{"line":9,"column":74}},"4":{"start":{"line":12,"column":21},"end":{"line":19,"column":1}},"5":{"start":{"line":13,"column":2},"end":{"line":18,"column":3}},"6":{"start":{"line":15,"column":6},"end":{"line":15,"column":49}},"7":{"start":{"line":17,"column":6},"end":{"line":17,"column":56}},"8":{"start":{"line":20,"column":17},"end":{"line":71,"column":1}},"9":{"start":{"line":26,"column":2},"end":{"line":70,"column":4}},"10":{"start":{"line":31,"column":21},"end":{"line":31,"column":62}},"11":{"start":{"line":44,"column":10},"end":{"line":44,"column":52}},"12":{"start":{"line":59,"column":10},"end":{"line":59,"column":52}}},"fnMap":{"0":{"name":"(anonymous_0)","decl":{"start":{"line":4,"column":17},"end":{"line":4,"column":18}},"loc":{"start":{"line":4,"column":25},"end":{"line":11,"column":1}},"line":4},"1":{"name":"(anonymous_1)","decl":{"start":{"line":12,"column":21},"end":{"line":12,"column":22}},"loc":{"start":{"line":12,"column":29},"end":{"line":19,"column":1}},"line":12},"2":{"name":"(anonymous_2)","decl":{"start":{"line":20,"column":17},"end":{"line":20,"column":18}},"loc":{"start":{"line":25,"column":6},"end":{"line":71,"column":1}},"line":25},"3":{"name":"(anonymous_3)","decl":{"start":{"line":31,"column":16},"end":{"line":31,"column":17}},"loc":{"start":{"line":31,"column":21},"end":{"line":31,"column":62}},"line":31},"4":{"name":"(anonymous_4)","decl":{"start":{"line":43,"column":18},"end":{"line":43,"column":19}},"loc":{"start":{"line":43,"column":23},"end":{"line":45,"column":9}},"line":43},"5":{"name":"(anonymous_5)","decl":{"start":{"line":58,"column":18},"end":{"line":58,"column":19}},"loc":{"start":{"line":58,"column":23},"end":{"line":60,"column":9}},"line":58}},"branchMap":{"0":{"loc":{"start":{"line":5,"column":2},"end":{"line":10,"column":3}},"type":"switch","locations":[{"start":{"line":6,"column":4},"end":{"line":7,"column":61}},{"start":{"line":8,"column":4},"end":{"line":9,"column":74}}],"line":5},"1":{"loc":{"start":{"line":13,"column":2},"end":{"line":18,"column":3}},"type":"switch","locations":[{"start":{"line":14,"column":4},"end":{"line":15,"column":49}},{"start":{"line":16,"column":4},"end":{"line":17,"column":56}}],"line":13}},"s":{"0":1,"1":9,"2":4,"3":5,"4":1,"5":9,"6":4,"7":5,"8":1,"9":9,"10":2,"11":1,"12":1},"f":{"0":9,"1":9,"2":9,"3":2,"4":1,"5":1},"b":{"0":[4,5],"1":[4,5]},"_coverageSchema":"332fd63041d2c1bcb487cc26dd0d5f7d97098a6c","hash":"554ef7759dfad08e35504495a39b36dd1ea7ba6f"}
,"/home/code123/js/todos_tdd/client/src/components/user/UserFormWrapper.js": {"path":"/home/code123/js/todos_tdd/client/src/components/user/UserFormWrapper.js","statementMap":{"0":{"start":{"line":4,"column":24},"end":{"line":26,"column":1}},"1":{"start":{"line":10,"column":21},"end":{"line":21,"column":3}},"2":{"start":{"line":11,"column":4},"end":{"line":20,"column":6}},"3":{"start":{"line":22,"column":2},"end":{"line":24,"column":3}},"4":{"start":{"line":23,"column":4},"end":{"line":23,"column":24}},"5":{"start":{"line":25,"column":2},"end":{"line":25,"column":72}}},"fnMap":{"0":{"name":"(anonymous_0)","decl":{"start":{"line":4,"column":24},"end":{"line":4,"column":25}},"loc":{"start":{"line":9,"column":6},"end":{"line":26,"column":1}},"line":9},"1":{"name":"(anonymous_1)","decl":{"start":{"line":10,"column":21},"end":{"line":10,"column":22}},"loc":{"start":{"line":10,"column":27},"end":{"line":21,"column":3}},"line":10}},"branchMap":{"0":{"loc":{"start":{"line":22,"column":2},"end":{"line":24,"column":3}},"type":"if","locations":[{"start":{"line":22,"column":2},"end":{"line":24,"column":3}},{"start":{"line":22,"column":2},"end":{"line":24,"column":3}}],"line":22}},"s":{"0":1,"1":12,"2":9,"3":12,"4":9,"5":3},"f":{"0":12,"1":9},"b":{"0":[9,3]},"_coverageSchema":"332fd63041d2c1bcb487cc26dd0d5f7d97098a6c","hash":"a6f726c0fbad23c8b85a2a40bae4e2d1d572a9dc"}
,"/home/code123/js/todos_tdd/client/src/components/user/index.js": {"path":"/home/code123/js/todos_tdd/client/src/components/user/index.js","statementMap":{},"fnMap":{},"branchMap":{},"s":{},"f":{},"b":{},"_coverageSchema":"332fd63041d2c1bcb487cc26dd0d5f7d97098a6c","hash":"47868e1db83e8f4857b0535a8d0d7c9d277a7c40"}
}
