TN:
SF:/home/code123/js/todos_tdd/client/src/components/App/constants.js
FNF:0
FNH:0
DA:1,1
DA:3,1
DA:5,1
DA:7,1
DA:9,1
DA:11,1
DA:13,1
DA:15,1
DA:17,1
DA:19,1
DA:21,1
DA:23,1
DA:25,1
DA:27,1
LF:14
LH:14
BRF:0
BRH:0
end_of_record
TN:
SF:/home/code123/js/todos_tdd/client/src/components/App/index.js
FN:28,(anonymous_0)
FN:56,(anonymous_1)
FN:71,(anonymous_2)
FN:99,(anonymous_3)
FN:102,(anonymous_4)
FN:107,(anonymous_5)
FN:112,(anonymous_6)
FNF:7
FNH:7
FNDA:35,(anonymous_0)
FNDA:28,(anonymous_1)
FNDA:14,(anonymous_2)
FNDA:10,(anonymous_3)
FNDA:25,(anonymous_4)
FNDA:35,(anonymous_5)
FNDA:35,(anonymous_6)
DA:4,1
DA:36,35
DA:37,35
DA:38,7
DA:40,28
DA:66,28
DA:67,28
DA:68,16
DA:72,14
DA:89,12
DA:100,10
DA:103,25
DA:104,5
DA:108,35
DA:112,1
DA:122,35
DA:134,1
LF:17
LH:17
BRDA:37,0,0,7
BRDA:37,0,1,28
BRDA:67,1,0,16
BRDA:67,1,1,12
BRDA:103,2,0,5
BRDA:103,2,1,20
BRF:6
BRH:6
end_of_record
TN:
SF:/home/code123/js/todos_tdd/client/src/components/App/actions/index.js
FN:17,(anonymous_0)
FN:19,(anonymous_1)
FN:47,(anonymous_2)
FN:49,(anonymous_3)
FN:77,(anonymous_4)
FN:81,(anonymous_5)
FN:82,(anonymous_6)
FN:151,(anonymous_7)
FN:153,(anonymous_8)
FN:168,(anonymous_9)
FN:169,(anonymous_10)
FN:196,(anonymous_11)
FN:197,(anonymous_12)
FNF:13
FNH:11
FNDA:2,(anonymous_0)
FNDA:2,(anonymous_1)
FNDA:4,(anonymous_2)
FNDA:4,(anonymous_3)
FNDA:3,(anonymous_4)
FNDA:3,(anonymous_5)
FNDA:3,(anonymous_6)
FNDA:3,(anonymous_7)
FNDA:3,(anonymous_8)
FNDA:15,(anonymous_9)
FNDA:15,(anonymous_10)
FNDA:0,(anonymous_11)
FNDA:0,(anonymous_12)
DA:17,1
DA:18,2
DA:19,2
DA:21,2
DA:22,2
DA:24,0
DA:25,0
DA:30,2
DA:32,1
DA:36,1
DA:38,1
DA:42,1
DA:47,1
DA:48,4
DA:49,4
DA:50,4
DA:51,1
DA:52,1
DA:53,1
DA:54,1
DA:58,1
DA:63,0
DA:69,3
DA:77,1
DA:78,3
DA:79,3
DA:81,3
DA:82,3
DA:83,3
DA:84,1
DA:89,2
DA:95,3
DA:96,3
DA:97,3
DA:99,0
DA:100,0
DA:105,3
DA:111,3
DA:113,1
DA:114,1
DA:115,1
DA:120,0
DA:123,1
DA:126,1
DA:130,1
DA:134,1
DA:140,1
DA:142,1
DA:146,1
DA:151,1
DA:152,3
DA:153,3
DA:154,3
DA:155,0
DA:160,3
DA:168,1
DA:169,15
DA:171,15
DA:172,15
DA:173,5
DA:177,5
DA:186,13
DA:188,15
DA:196,1
DA:197,0
DA:198,0
LF:66
LH:57
BRDA:30,0,0,1
BRDA:30,0,1,1
BRDA:50,1,0,1
BRDA:50,1,1,3
BRDA:83,2,0,1
BRDA:83,2,1,2
BRDA:111,3,0,1
BRDA:111,3,1,1
BRDA:111,3,2,1
BRDA:154,4,0,0
BRDA:154,4,1,3
BRF:11
BRH:10
end_of_record
TN:
SF:/home/code123/js/todos_tdd/client/src/components/App/reducers/index.js
FN:17,(anonymous_0)
FN:17,(anonymous_1)
FN:19,(anonymous_2)
FN:49,(anonymous_3)
FN:60,(anonymous_4)
FN:82,(anonymous_5)
FN:91,(anonymous_6)
FN:99,(anonymous_7)
FN:112,(anonymous_8)
FN:124,(anonymous_9)
FN:134,(anonymous_10)
FN:144,(anonymous_11)
FNF:12
FNH:12
FNDA:3,(anonymous_0)
FNDA:3,(anonymous_1)
FNDA:52,(anonymous_2)
FNDA:52,(anonymous_3)
FNDA:52,(anonymous_4)
FNDA:3,(anonymous_5)
FNDA:3,(anonymous_6)
FNDA:52,(anonymous_7)
FNDA:52,(anonymous_8)
FNDA:52,(anonymous_9)
FNDA:52,(anonymous_10)
FNDA:52,(anonymous_11)
DA:17,3
DA:19,1
DA:20,52
DA:21,52
DA:23,1
DA:25,1
DA:26,1
DA:32,1
DA:34,1
DA:35,1
DA:36,1
DA:40,1
DA:42,2
DA:43,2
DA:45,47
DA:49,1
DA:50,52
DA:51,52
DA:53,5
DA:54,5
DA:56,47
DA:60,1
DA:61,52
DA:63,7
DA:65,45
DA:82,1
DA:83,3
DA:85,1
DA:87,2
DA:91,1
DA:92,3
DA:94,1
DA:96,2
DA:99,1
DA:100,52
DA:101,52
DA:103,3
DA:108,49
DA:112,1
DA:113,52
DA:115,4
DA:120,48
DA:124,1
DA:125,52
DA:126,52
DA:128,1
DA:130,51
DA:134,1
DA:135,52
DA:136,52
DA:138,0
DA:140,52
DA:144,1
DA:145,52
DA:146,52
DA:148,15
DA:150,37
LF:57
LH:56
BRDA:19,0,0,8
BRDA:21,1,0,1
BRDA:21,1,1,1
BRDA:21,1,2,1
BRDA:21,1,3,2
BRDA:21,1,4,47
BRDA:49,2,0,10
BRDA:51,3,0,5
BRDA:51,3,1,47
BRDA:60,4,0,5
BRDA:61,5,0,7
BRDA:61,5,1,45
BRDA:82,6,0,0
BRDA:83,7,0,1
BRDA:83,7,1,2
BRDA:91,8,0,0
BRDA:92,9,0,1
BRDA:92,9,1,2
BRDA:99,10,0,12
BRDA:101,11,0,3
BRDA:101,11,1,49
BRDA:112,12,0,12
BRDA:113,13,0,4
BRDA:113,13,1,48
BRDA:124,14,0,8
BRDA:126,15,0,1
BRDA:126,15,1,51
BRDA:134,16,0,12
BRDA:136,17,0,0
BRDA:136,17,1,52
BRDA:144,18,0,5
BRDA:146,19,0,15
BRDA:146,19,1,37
BRF:33
BRH:30
end_of_record
TN:
SF:/home/code123/js/todos_tdd/client/src/components/App/tests/app.int2.zest.js
FN:15,render
FN:22,(anonymous_2)
FN:23,(anonymous_3)
FN:33,(anonymous_4)
FN:34,(anonymous_5)
FN:43,(anonymous_6)
FN:44,(anonymous_7)
FN:56,(anonymous_8)
FN:72,(anonymous_9)
FN:75,(anonymous_10)
FN:80,(anonymous_11)
FN:88,(anonymous_12)
FN:89,(anonymous_13)
FN:98,(anonymous_14)
FN:99,(anonymous_15)
FNF:15
FNH:0
FNDA:0,render
FNDA:0,(anonymous_2)
FNDA:0,(anonymous_3)
FNDA:0,(anonymous_4)
FNDA:0,(anonymous_5)
FNDA:0,(anonymous_6)
FNDA:0,(anonymous_7)
FNDA:0,(anonymous_8)
FNDA:0,(anonymous_9)
FNDA:0,(anonymous_10)
FNDA:0,(anonymous_11)
FNDA:0,(anonymous_12)
FNDA:0,(anonymous_13)
FNDA:0,(anonymous_14)
FNDA:0,(anonymous_15)
DA:1,0
DA:2,0
DA:3,0
DA:4,0
DA:5,0
DA:6,0
DA:7,0
DA:15,0
DA:22,0
DA:23,0
DA:24,0
DA:26,0
DA:29,0
DA:33,0
DA:34,0
DA:35,0
DA:36,0
DA:39,0
DA:43,0
DA:44,0
DA:45,0
DA:46,0
DA:49,0
DA:52,0
DA:56,0
DA:57,0
DA:58,0
DA:61,0
DA:65,0
DA:68,0
DA:72,0
DA:73,0
DA:75,0
DA:76,0
DA:80,0
DA:81,0
DA:84,0
DA:88,0
DA:89,0
DA:90,0
DA:91,0
DA:94,0
DA:98,0
DA:99,0
DA:100,0
DA:102,0
DA:105,0
LF:47
LH:0
BRF:0
BRH:0
end_of_record
TN:
SF:/home/code123/js/todos_tdd/client/src/components/App/tests/handleFormSubmitErrorMock.js
FN:1,(anonymous_0)
FNF:1
FNH:0
FNDA:0,(anonymous_0)
DA:1,0
DA:3,0
LF:2
LH:0
BRF:0
BRH:0
end_of_record
TN:
SF:/home/code123/js/todos_tdd/client/src/components/App/tests/handleFormSubmitMock.js
FN:1,(anonymous_1)
FNF:1
FNH:0
FNDA:0,(anonymous_1)
DA:1,0
DA:3,0
DA:5,0
DA:6,0
DA:8,0
DA:9,0
DA:11,0
DA:21,0
DA:23,0
LF:9
LH:0
BRDA:4,0,0,0
BRDA:4,0,1,0
BRDA:4,0,2,0
BRF:3
BRH:0
end_of_record
TN:
SF:/home/code123/js/todos_tdd/client/src/components/App/tests/handleSidebarClickMock.js
FN:1,(anonymous_0)
FNF:1
FNH:0
FNDA:0,(anonymous_0)
DA:1,0
DA:2,0
DA:5,0
DA:7,0
LF:4
LH:0
BRDA:2,0,0,0
BRDA:2,0,1,0
BRF:2
BRH:0
end_of_record
TN:
SF:/home/code123/js/todos_tdd/client/src/components/App/tests/handleTodosButtonClickMock.js
FN:1,(anonymous_1)
FN:2,getIndex
FN:2,(anonymous_3)
FN:6,toggleClosed
FN:17,deleteTodo
FNF:5
FNH:0
FNDA:0,(anonymous_1)
FNDA:0,getIndex
FNDA:0,(anonymous_3)
FNDA:0,toggleClosed
FNDA:0,deleteTodo
DA:1,0
DA:2,0
DA:6,0
DA:7,0
DA:8,0
DA:12,0
DA:13,0
DA:17,0
DA:19,0
DA:20,0
DA:23,0
DA:27,0
DA:29,0
DA:30,0
DA:32,0
DA:33,0
LF:16
LH:0
BRDA:28,0,0,0
BRDA:28,0,1,0
BRF:2
BRH:0
end_of_record
TN:
SF:/home/code123/js/todos_tdd/client/src/components/App/tests/mocks.js
FNF:0
FNH:0
DA:1,1
DA:19,1
DA:24,1
DA:29,1
DA:44,1
DA:50,1
LF:6
LH:6
BRF:0
BRH:0
end_of_record
TN:
SF:/home/code123/js/todos_tdd/client/src/components/buttons/SidebarLink.js
FN:3,(anonymous_0)
FN:5,(anonymous_1)
FN:11,(anonymous_2)
FNF:3
FNH:3
FNDA:40,(anonymous_0)
FNDA:40,(anonymous_1)
FNDA:4,(anonymous_2)
DA:3,40
DA:5,1
DA:6,40
DA:11,4
LF:4
LH:4
BRF:0
BRH:0
end_of_record
TN:
SF:/home/code123/js/todos_tdd/client/src/components/layout/Advertisement.js
FN:3,(anonymous_0)
FNF:1
FNH:1
FNDA:28,(anonymous_0)
DA:3,1
DA:4,28
LF:2
LH:2
BRF:0
BRH:0
end_of_record
TN:
SF:/home/code123/js/todos_tdd/client/src/components/layout/Content.js
FN:3,(anonymous_0)
FNF:1
FNH:1
FNDA:28,(anonymous_0)
DA:3,1
DA:4,28
LF:2
LH:2
BRF:0
BRH:0
end_of_record
TN:
SF:/home/code123/js/todos_tdd/client/src/components/layout/Footer.js
FN:3,(anonymous_0)
FNF:1
FNH:1
FNDA:28,(anonymous_0)
DA:3,1
DA:4,28
LF:2
LH:2
BRF:0
BRH:0
end_of_record
TN:
SF:/home/code123/js/todos_tdd/client/src/components/layout/Header.js
FN:3,(anonymous_0)
FNF:1
FNH:1
FNDA:28,(anonymous_0)
DA:3,1
DA:4,28
LF:2
LH:2
BRDA:8,0,0,8
BRDA:8,0,1,20
BRDA:8,1,0,28
BRDA:8,1,1,9
BRF:4
BRH:4
end_of_record
TN:
SF:/home/code123/js/todos_tdd/client/src/components/layout/Loading.js
FN:3,(anonymous_0)
FNF:1
FNH:1
FNDA:7,(anonymous_0)
DA:3,1
DA:4,7
LF:2
LH:2
BRF:0
BRH:0
end_of_record
TN:
SF:/home/code123/js/todos_tdd/client/src/components/layout/Sidebar.js
FN:4,(anonymous_0)
FN:5,(anonymous_1)
FNF:2
FNH:2
FNDA:28,(anonymous_0)
FNDA:28,(anonymous_1)
DA:4,1
DA:5,28
DA:6,28
DA:7,16
DA:9,12
DA:15,28
LF:6
LH:6
BRDA:6,0,0,16
BRDA:6,0,1,12
BRF:2
BRH:2
end_of_record
TN:
SF:/home/code123/js/todos_tdd/client/src/components/layout/index.js
FNF:0
FNH:0
LF:0
LH:0
BRF:0
BRH:0
end_of_record
TN:
SF:/home/code123/js/todos_tdd/client/src/components/modals/ErrorModal.js
FN:25,(anonymous_0)
FN:31,(anonymous_1)
FN:39,(anonymous_2)
FN:44,(anonymous_3)
FN:49,(anonymous_4)
FN:54,(anonymous_5)
FNF:6
FNH:4
FNDA:18,(anonymous_0)
FNDA:0,(anonymous_1)
FNDA:10,(anonymous_2)
FNDA:8,(anonymous_3)
FNDA:10,(anonymous_4)
FNDA:0,(anonymous_5)
DA:22,1
DA:26,18
DA:27,0
DA:29,18
DA:32,0
DA:33,0
DA:40,10
DA:41,10
DA:45,8
DA:46,8
DA:50,10
DA:54,1
DA:55,0
LF:13
LH:9
BRDA:26,0,0,0
BRDA:26,0,1,18
BRDA:46,1,0,8
BRDA:46,1,1,1
BRDA:57,2,0,0
BRDA:57,2,1,0
BRF:6
BRH:3
end_of_record
TN:
SF:/home/code123/js/todos_tdd/client/src/components/modals/index.js
FNF:0
FNH:0
LF:0
LH:0
BRF:0
BRH:0
end_of_record
TN:
SF:/home/code123/js/todos_tdd/client/src/components/modals/tests/errorModal.int.zest.js
FN:5,(anonymous_1)
FN:11,(anonymous_2)
FN:14,onClose
FN:18,(anonymous_4)
FN:21,(anonymous_5)
FNF:5
FNH:0
FNDA:0,(anonymous_1)
FNDA:0,(anonymous_2)
FNDA:0,onClose
FNDA:0,(anonymous_4)
FNDA:0,(anonymous_5)
DA:1,0
DA:2,0
DA:3,0
DA:5,0
DA:6,0
DA:7,0
DA:11,0
DA:12,0
DA:18,0
DA:19,0
DA:21,0
DA:22,0
LF:12
LH:0
BRF:0
BRH:0
end_of_record
TN:
SF:/home/code123/js/todos_tdd/client/src/components/todos/TodoButton.js
FN:4,(anonymous_0)
FN:6,(anonymous_1)
FN:13,(anonymous_2)
FN:23,(anonymous_3)
FNF:4
FNH:4
FNDA:28,(anonymous_0)
FNDA:28,(anonymous_1)
FNDA:1,(anonymous_2)
FNDA:1,(anonymous_3)
DA:4,1
DA:5,28
DA:6,28
DA:7,28
DA:9,14
DA:13,1
DA:19,14
DA:23,1
DA:30,28
LF:9
LH:9
BRDA:7,0,0,14
BRDA:7,0,1,14
BRDA:15,1,0,5
BRDA:15,1,1,9
BRF:4
BRH:4
end_of_record
TN:
SF:/home/code123/js/todos_tdd/client/src/components/todos/TodoUnit.js
FN:4,(anonymous_0)
FN:5,(anonymous_1)
FNF:2
FNH:2
FNDA:14,(anonymous_0)
FNDA:14,(anonymous_1)
DA:4,1
DA:5,14
DA:9,14
LF:3
LH:3
BRDA:6,0,0,5
BRDA:6,0,1,9
BRF:2
BRH:2
end_of_record
TN:
SF:/home/code123/js/todos_tdd/client/src/components/todos/TodosForm.js
FN:5,(anonymous_0)
FN:12,(anonymous_1)
FN:24,(anonymous_2)
FNF:3
FNH:3
FNDA:16,(anonymous_0)
FNDA:1,(anonymous_1)
FNDA:1,(anonymous_2)
DA:6,16
DA:7,16
DA:12,1
DA:24,1
LF:4
LH:4
BRF:0
BRH:0
end_of_record
TN:
SF:/home/code123/js/todos_tdd/client/src/components/todos/TodosList.js
FN:3,(anonymous_0)
FNF:1
FNH:1
FNDA:16,(anonymous_0)
DA:3,1
DA:4,16
DA:5,8
DA:16,8
LF:4
LH:4
BRDA:4,0,0,8
BRDA:4,0,1,8
BRF:2
BRH:2
end_of_record
TN:
SF:/home/code123/js/todos_tdd/client/src/components/todos/index.js
FNF:0
FNH:0
LF:0
LH:0
BRF:0
BRH:0
end_of_record
TN:
SF:/home/code123/js/todos_tdd/client/src/components/user/UserForm.js
FN:4,(anonymous_0)
FN:12,(anonymous_1)
FN:20,(anonymous_2)
FN:31,(anonymous_3)
FN:43,(anonymous_4)
FN:58,(anonymous_5)
FNF:6
FNH:6
FNDA:9,(anonymous_0)
FNDA:9,(anonymous_1)
FNDA:9,(anonymous_2)
FNDA:2,(anonymous_3)
FNDA:1,(anonymous_4)
FNDA:1,(anonymous_5)
DA:4,1
DA:5,9
DA:7,4
DA:9,5
DA:12,1
DA:13,9
DA:15,4
DA:17,5
DA:20,1
DA:26,9
DA:31,2
DA:44,1
DA:59,1
LF:13
LH:13
BRDA:5,0,0,4
BRDA:5,0,1,5
BRDA:13,1,0,4
BRDA:13,1,1,5
BRF:4
BRH:4
end_of_record
TN:
SF:/home/code123/js/todos_tdd/client/src/components/user/UserFormWrapper.js
FN:4,(anonymous_0)
FN:10,(anonymous_1)
FNF:2
FNH:2
FNDA:12,(anonymous_0)
FNDA:9,(anonymous_1)
DA:4,1
DA:10,12
DA:11,9
DA:22,12
DA:23,9
DA:25,3
LF:6
LH:6
BRDA:22,0,0,9
BRDA:22,0,1,3
BRF:2
BRH:2
end_of_record
TN:
SF:/home/code123/js/todos_tdd/client/src/components/user/index.js
FNF:0
FNH:0
LF:0
LH:0
BRF:0
BRH:0
end_of_record
