TN:
SF:/home/code123/proj/todos_tdd/client/src/polyfills.ts
FNF:0
FNH:0
LF:0
LH:0
BRF:0
BRH:0
end_of_record
TN:
SF:/home/code123/proj/todos_tdd/client/src/test.ts
FNF:0
FNH:0
DA:13,1
DA:18,1
DA:20,1
LF:3
LH:3
BRF:0
BRH:0
end_of_record
TN:
SF:/home/code123/proj/todos_tdd/client/src/app/app-routing.module.ts
FNF:0
FNH:0
DA:7,1
DA:17,1
LF:2
LH:2
BRF:0
BRH:0
end_of_record
TN:
SF:/home/code123/proj/todos_tdd/client/src/app/app.component.ts
FN:14,(anonymous_0)
FN:19,(anonymous_1)
FN:23,(anonymous_2)
FN:24,(anonymous_3)
FN:30,(anonymous_4)
FN:31,(anonymous_5)
FN:41,(anonymous_6)
FN:45,(anonymous_7)
FN:49,(anonymous_8)
FNF:9
FNH:9
FNDA:11,(anonymous_0)
FNDA:9,(anonymous_1)
FNDA:1,(anonymous_2)
FNDA:1,(anonymous_3)
FNDA:9,(anonymous_4)
FNDA:1,(anonymous_5)
FNDA:1,(anonymous_6)
FNDA:3,(anonymous_7)
FNDA:19,(anonymous_8)
DA:11,1
DA:12,11
DA:15,11
DA:16,11
DA:20,9
DA:24,1
DA:25,1
DA:26,1
DA:31,9
DA:32,1
DA:33,1
DA:34,0
DA:36,1
DA:42,1
DA:46,3
DA:50,19
LF:16
LH:15
BRDA:33,0,0,0
BRDA:33,0,1,1
BRF:2
BRH:1
end_of_record
TN:
SF:/home/code123/proj/todos_tdd/client/src/app/components/error/error.component.ts
FN:11,(anonymous_0)
FN:13,(anonymous_1)
FN:17,(anonymous_2)
FN:21,(anonymous_3)
FN:25,(anonymous_4)
FNF:5
FNH:4
FNDA:4,(anonymous_0)
FNDA:4,(anonymous_1)
FNDA:0,(anonymous_2)
FNDA:4,(anonymous_3)
FNDA:1,(anonymous_4)
DA:9,1
DA:11,4
DA:14,4
DA:18,0
DA:22,4
DA:26,1
DA:27,1
LF:7
LH:6
BRF:0
BRH:0
end_of_record
TN:
SF:/home/code123/proj/todos_tdd/client/src/app/components/todos/todo-detail/todo-detail.component.ts
FN:16,(anonymous_0)
FN:22,(anonymous_1)
FN:26,(anonymous_2)
FN:29,(anonymous_3)
FN:34,(anonymous_4)
FN:38,(anonymous_5)
FNF:6
FNH:6
FNDA:3,(anonymous_0)
FNDA:3,(anonymous_1)
FNDA:3,(anonymous_2)
FNDA:3,(anonymous_3)
FNDA:2,(anonymous_4)
FNDA:1,(anonymous_5)
DA:13,1
DA:17,3
DA:18,3
DA:19,3
DA:23,3
DA:27,3
DA:28,3
DA:30,3
DA:35,2
DA:39,1
DA:40,1
LF:11
LH:11
BRF:0
BRH:0
end_of_record
TN:
SF:/home/code123/proj/todos_tdd/client/src/app/components/todos/todos/todos.component.ts
FN:13,(anonymous_0)
FN:17,(anonymous_1)
FN:20,(anonymous_2)
FN:24,(anonymous_3)
FN:28,(anonymous_4)
FNF:5
FNH:4
FNDA:5,(anonymous_0)
FNDA:5,(anonymous_1)
FNDA:1,(anonymous_2)
FNDA:1,(anonymous_3)
FNDA:0,(anonymous_4)
DA:11,1
DA:14,5
DA:21,1
DA:25,1
DA:29,0
DA:34,0
LF:6
LH:4
BRF:0
BRH:0
end_of_record
TN:
SF:/home/code123/proj/todos_tdd/client/src/app/components/todos/todos-form/todos-form.component.ts
FN:19,(anonymous_0)
FN:27,(anonymous_1)
FN:29,(anonymous_2)
FN:35,(anonymous_3)
FN:39,(anonymous_4)
FNF:5
FNH:5
FNDA:10,(anonymous_0)
FNDA:10,(anonymous_1)
FNDA:1,(anonymous_2)
FNDA:1,(anonymous_3)
FNDA:2,(anonymous_4)
DA:12,1
DA:15,10
DA:17,11
DA:20,10
DA:22,10
DA:30,1
DA:31,1
DA:32,1
DA:36,1
DA:40,2
LF:10
LH:10
BRF:0
BRH:0
end_of_record
TN:
SF:/home/code123/proj/todos_tdd/client/src/app/components/user/user-form/user-form.component.ts
FN:25,(anonymous_0)
FN:36,(anonymous_1)
FN:39,(anonymous_2)
FN:45,(anonymous_3)
FN:49,(anonymous_4)
FN:57,(anonymous_5)
FN:60,(anonymous_6)
FN:65,(anonymous_7)
FN:68,(anonymous_8)
FN:75,(anonymous_9)
FN:83,(anonymous_10)
FN:87,(anonymous_11)
FNF:12
FNH:10
FNDA:9,(anonymous_0)
FNDA:9,(anonymous_1)
FNDA:3,(anonymous_2)
FNDA:4,(anonymous_3)
FNDA:3,(anonymous_4)
FNDA:2,(anonymous_5)
FNDA:1,(anonymous_6)
FNDA:1,(anonymous_7)
FNDA:0,(anonymous_8)
FNDA:4,(anonymous_9)
FNDA:38,(anonymous_10)
FNDA:0,(anonymous_11)
DA:14,1
DA:17,9
DA:19,9
DA:21,9
DA:23,9
DA:26,9
DA:27,9
DA:28,9
DA:30,9
DA:40,3
DA:41,3
DA:42,3
DA:46,4
DA:50,3
DA:51,1
DA:52,1
DA:54,2
DA:58,2
DA:60,2
DA:61,1
DA:66,1
DA:68,1
DA:69,0
DA:70,0
DA:76,4
DA:77,4
DA:79,0
DA:84,38
DA:88,0
LF:29
LH:25
BRDA:50,0,0,1
BRDA:50,0,1,2
BRDA:76,1,0,4
BRDA:76,1,1,0
BRDA:84,2,0,12
BRDA:84,2,1,26
BRF:6
BRH:5
end_of_record
TN:
SF:/home/code123/proj/todos_tdd/client/src/app/services/error/error.service.ts
FN:11,(anonymous_0)
FN:13,(anonymous_1)
FN:17,(anonymous_2)
FN:21,(anonymous_3)
FN:25,(anonymous_4)
FN:29,(anonymous_5)
FN:33,(anonymous_6)
FN:37,(anonymous_7)
FN:41,(anonymous_8)
FN:45,(anonymous_9)
FN:49,(anonymous_10)
FNF:11
FNH:9
FNDA:11,(anonymous_0)
FNDA:10,(anonymous_1)
FNDA:6,(anonymous_2)
FNDA:2,(anonymous_3)
FNDA:2,(anonymous_4)
FNDA:1,(anonymous_5)
FNDA:1,(anonymous_6)
FNDA:0,(anonymous_7)
FNDA:1,(anonymous_8)
FNDA:0,(anonymous_9)
FNDA:1,(anonymous_10)
DA:7,1
DA:14,10
DA:18,6
DA:22,2
DA:26,2
DA:30,1
DA:34,1
DA:38,0
DA:42,1
DA:46,0
DA:50,1
LF:11
LH:9
BRDA:18,0,0,6
BRDA:18,0,1,0
BRF:2
BRH:1
end_of_record
TN:
SF:/home/code123/proj/todos_tdd/client/src/app/services/log/log.service.ts
FN:3,(anonymous_0)
FN:10,(anonymous_1)
FN:14,(anonymous_2)
FN:18,(anonymous_3)
FNF:4
FNH:4
FNDA:40,(anonymous_0)
FNDA:20,(anonymous_1)
FNDA:1,(anonymous_2)
FNDA:1,(anonymous_3)
DA:7,1
DA:8,40
DA:11,20
DA:15,1
DA:19,1
LF:5
LH:5
BRF:0
BRH:0
end_of_record
TN:
SF:/home/code123/proj/todos_tdd/client/src/app/services/notification/notification.service.ts
FN:11,(anonymous_0)
FN:16,(anonymous_1)
FN:17,(anonymous_2)
FN:22,(anonymous_3)
FN:23,(anonymous_4)
FNF:5
FNH:5
FNDA:3,(anonymous_0)
FNDA:1,(anonymous_1)
FNDA:1,(anonymous_2)
FNDA:1,(anonymous_3)
FNDA:1,(anonymous_4)
DA:9,1
DA:12,3
DA:13,3
DA:17,1
DA:18,1
DA:23,1
DA:24,1
LF:7
LH:7
BRF:0
BRH:0
end_of_record
TN:
SF:/home/code123/proj/todos_tdd/client/src/app/services/todos/todos.service.ts
FN:16,(anonymous_0)
FN:23,(anonymous_1)
FN:41,(anonymous_2)
FN:43,(anonymous_3)
FN:47,(anonymous_4)
FN:48,(anonymous_5)
FN:53,(anonymous_6)
FN:55,(anonymous_7)
FN:59,(anonymous_8)
FN:60,(anonymous_9)
FN:62,(anonymous_10)
FN:68,(anonymous_11)
FN:70,(anonymous_12)
FN:74,(anonymous_13)
FN:75,(anonymous_14)
FN:81,(anonymous_15)
FN:83,(anonymous_16)
FN:87,(anonymous_17)
FN:88,(anonymous_18)
FN:90,(anonymous_19)
FN:96,(anonymous_20)
FN:98,(anonymous_21)
FN:102,(anonymous_22)
FN:104,(anonymous_23)
FN:105,(anonymous_24)
FN:108,(anonymous_25)
FN:109,(anonymous_26)
FN:111,(anonymous_27)
FNF:28
FNH:23
FNDA:11,(anonymous_0)
FNDA:12,(anonymous_1)
FNDA:11,(anonymous_2)
FNDA:7,(anonymous_3)
FNDA:11,(anonymous_4)
FNDA:7,(anonymous_5)
FNDA:0,(anonymous_6)
FNDA:0,(anonymous_7)
FNDA:0,(anonymous_8)
FNDA:0,(anonymous_9)
FNDA:0,(anonymous_10)
FNDA:1,(anonymous_11)
FNDA:1,(anonymous_12)
FNDA:1,(anonymous_13)
FNDA:1,(anonymous_14)
FNDA:2,(anonymous_15)
FNDA:2,(anonymous_16)
FNDA:2,(anonymous_17)
FNDA:2,(anonymous_18)
FNDA:2,(anonymous_19)
FNDA:2,(anonymous_20)
FNDA:2,(anonymous_21)
FNDA:1,(anonymous_22)
FNDA:2,(anonymous_23)
FNDA:2,(anonymous_24)
FNDA:2,(anonymous_25)
FNDA:2,(anonymous_26)
FNDA:3,(anonymous_27)
DA:14,1
DA:17,11
DA:18,11
DA:20,11
DA:24,12
DA:27,11
DA:29,11
DA:31,11
DA:32,11
DA:33,11
DA:34,11
DA:35,11
DA:37,11
DA:42,11
DA:43,7
DA:48,11
DA:49,7
DA:54,0
DA:55,0
DA:60,0
DA:61,0
DA:62,0
DA:63,0
DA:64,0
DA:69,1
DA:70,1
DA:75,1
DA:76,1
DA:77,1
DA:82,2
DA:83,2
DA:88,2
DA:89,2
DA:90,2
DA:91,2
DA:92,2
DA:97,2
DA:98,2
DA:103,1
DA:104,2
DA:105,2
DA:109,2
DA:110,2
DA:111,3
DA:112,2
LF:45
LH:38
BRF:0
BRH:0
end_of_record
TN:
SF:/home/code123/proj/todos_tdd/client/src/app/services/user/user.service.ts
FN:17,(anonymous_0)
FN:24,(anonymous_1)
FN:37,(anonymous_2)
FN:39,(anonymous_3)
FN:43,(anonymous_4)
FN:45,(anonymous_5)
FN:49,(anonymous_6)
FN:52,(anonymous_7)
FN:59,(anonymous_8)
FN:63,(anonymous_9)
FN:67,(anonymous_10)
FN:71,(anonymous_11)
FN:76,(anonymous_12)
FN:78,(anonymous_13)
FNF:14
FNH:14
FNDA:25,(anonymous_0)
FNDA:6,(anonymous_1)
FNDA:5,(anonymous_2)
FNDA:3,(anonymous_3)
FNDA:3,(anonymous_4)
FNDA:2,(anonymous_5)
FNDA:1,(anonymous_6)
FNDA:1,(anonymous_7)
FNDA:25,(anonymous_8)
FNDA:2,(anonymous_9)
FNDA:4,(anonymous_10)
FNDA:28,(anonymous_11)
FNDA:13,(anonymous_12)
FNDA:5,(anonymous_13)
DA:13,1
DA:18,25
DA:19,25
DA:21,25
DA:25,6
DA:28,25
DA:29,25
DA:30,25
DA:31,25
DA:33,25
DA:38,5
DA:39,3
DA:44,3
DA:45,2
DA:50,1
DA:51,1
DA:52,1
DA:55,0
DA:60,25
DA:64,2
DA:68,4
DA:72,28
DA:77,13
DA:79,5
DA:80,2
DA:82,3
LF:26
LH:25
BRDA:79,0,0,2
BRDA:79,0,1,3
BRF:2
BRH:2
end_of_record
TN:
SF:/home/code123/proj/todos_tdd/client/src/app/stubs/activated.route.mock.ts
FN:6,(anonymous_0)
FN:15,(anonymous_1)
FN:16,(anonymous_2)
FN:22,(anonymous_3)
FNF:4
FNH:4
FNDA:3,(anonymous_0)
FNDA:9,(anonymous_1)
FNDA:3,(anonymous_2)
FNDA:3,(anonymous_3)
DA:7,1
DA:10,3
DA:11,3
DA:15,9
DA:17,3
DA:18,3
DA:23,3
LF:7
LH:7
BRF:0
BRH:0
end_of_record
